Analysis & Synthesis report for NIOS-Blink-LED
Fri Sep 28 11:43:40 2018
Quartus Prime Version 18.0.0 Build 614 04/24/2018 SJ Standard Edition


---------------------
; Table of Contents ;
---------------------
  1. Legal Notice
  2. Analysis & Synthesis Summary
  3. Analysis & Synthesis Settings
  4. Parallel Compilation
  5. Analysis & Synthesis IP Cores Summary
  6. Analysis & Synthesis Messages
  7. Analysis & Synthesis Suppressed Messages



----------------
; Legal Notice ;
----------------
Copyright (C) 2018  Intel Corporation. All rights reserved.
Your use of Intel Corporation's design tools, logic functions 
and other software and tools, and its AMPP partner logic 
functions, and any output files from any of the foregoing 
(including device programming or simulation files), and any 
associated documentation or information are expressly subject 
to the terms and conditions of the Intel Program License 
Subscription Agreement, the Intel Quartus Prime License Agreement,
the Intel FPGA IP License Agreement, or other applicable license
agreement, including, without limitation, that your use is for
the sole purpose of programming logic devices manufactured by
Intel and sold by Intel or its authorized distributors.  Please
refer to the applicable agreement for further details.



+-------------------------------------------------------------------------------+
; Analysis & Synthesis Summary                                                  ;
+-----------------------------+-------------------------------------------------+
; Analysis & Synthesis Status ; Failed - Fri Sep 28 11:43:40 2018               ;
; Quartus Prime Version       ; 18.0.0 Build 614 04/24/2018 SJ Standard Edition ;
; Revision Name               ; NIOS-Blink-LED                                  ;
; Top-level Entity Name       ; topLevel                                        ;
; Family                      ; Cyclone V                                       ;
; Logic utilization (in ALMs) ; N/A until Partition Merge                       ;
; Total registers             ; N/A until Partition Merge                       ;
; Total pins                  ; N/A until Partition Merge                       ;
; Total virtual pins          ; N/A until Partition Merge                       ;
; Total block memory bits     ; N/A until Partition Merge                       ;
; Total PLLs                  ; N/A until Partition Merge                       ;
; Total DLLs                  ; N/A until Partition Merge                       ;
+-----------------------------+-------------------------------------------------+


+---------------------------------------------------------------------------------------------------------------------------+
; Analysis & Synthesis Settings                                                                                             ;
+---------------------------------------------------------------------------------+--------------------+--------------------+
; Option                                                                          ; Setting            ; Default Value      ;
+---------------------------------------------------------------------------------+--------------------+--------------------+
; Device                                                                          ; 5CSEBA6U23I7       ;                    ;
; Top-level entity name                                                           ; topLevel           ; NIOS-Blink-LED     ;
; Family name                                                                     ; Cyclone V          ; Cyclone V          ;
; Use smart compilation                                                           ; Off                ; Off                ;
; Enable parallel Assembler and Timing Analyzer during compilation                ; On                 ; On                 ;
; Enable compact report table                                                     ; Off                ; Off                ;
; Restructure Multiplexers                                                        ; Auto               ; Auto               ;
; MLAB Add Timing Constraints For Mixed-Port Feed-Through Mode Setting Don't Care ; Off                ; Off                ;
; Create Debugging Nodes for IP Cores                                             ; Off                ; Off                ;
; Preserve fewer node names                                                       ; On                 ; On                 ;
; Intel FPGA IP Evaluation Mode                                                   ; Enable             ; Enable             ;
; Verilog Version                                                                 ; Verilog_2001       ; Verilog_2001       ;
; VHDL Version                                                                    ; VHDL_1993          ; VHDL_1993          ;
; State Machine Processing                                                        ; Auto               ; Auto               ;
; Safe State Machine                                                              ; Off                ; Off                ;
; Extract Verilog State Machines                                                  ; On                 ; On                 ;
; Extract VHDL State Machines                                                     ; On                 ; On                 ;
; Ignore Verilog initial constructs                                               ; Off                ; Off                ;
; Iteration limit for constant Verilog loops                                      ; 5000               ; 5000               ;
; Iteration limit for non-constant Verilog loops                                  ; 250                ; 250                ;
; Add Pass-Through Logic to Inferred RAMs                                         ; On                 ; On                 ;
; Infer RAMs from Raw Logic                                                       ; On                 ; On                 ;
; Parallel Synthesis                                                              ; On                 ; On                 ;
; DSP Block Balancing                                                             ; Auto               ; Auto               ;
; NOT Gate Push-Back                                                              ; On                 ; On                 ;
; Power-Up Don't Care                                                             ; On                 ; On                 ;
; Remove Redundant Logic Cells                                                    ; Off                ; Off                ;
; Remove Duplicate Registers                                                      ; On                 ; On                 ;
; Ignore CARRY Buffers                                                            ; Off                ; Off                ;
; Ignore CASCADE Buffers                                                          ; Off                ; Off                ;
; Ignore GLOBAL Buffers                                                           ; Off                ; Off                ;
; Ignore ROW GLOBAL Buffers                                                       ; Off                ; Off                ;
; Ignore LCELL Buffers                                                            ; Off                ; Off                ;
; Ignore SOFT Buffers                                                             ; On                 ; On                 ;
; Limit AHDL Integers to 32 Bits                                                  ; Off                ; Off                ;
; Optimization Technique                                                          ; Balanced           ; Balanced           ;
; Carry Chain Length                                                              ; 70                 ; 70                 ;
; Auto Carry Chains                                                               ; On                 ; On                 ;
; Auto Open-Drain Pins                                                            ; On                 ; On                 ;
; Perform WYSIWYG Primitive Resynthesis                                           ; Off                ; Off                ;
; Auto ROM Replacement                                                            ; On                 ; On                 ;
; Auto RAM Replacement                                                            ; On                 ; On                 ;
; Auto DSP Block Replacement                                                      ; On                 ; On                 ;
; Auto Shift Register Replacement                                                 ; Auto               ; Auto               ;
; Allow Shift Register Merging across Hierarchies                                 ; Auto               ; Auto               ;
; Auto Clock Enable Replacement                                                   ; On                 ; On                 ;
; Strict RAM Replacement                                                          ; Off                ; Off                ;
; Allow Synchronous Control Signals                                               ; On                 ; On                 ;
; Force Use of Synchronous Clear Signals                                          ; Off                ; Off                ;
; Auto Resource Sharing                                                           ; Off                ; Off                ;
; Allow Any RAM Size For Recognition                                              ; Off                ; Off                ;
; Allow Any ROM Size For Recognition                                              ; Off                ; Off                ;
; Allow Any Shift Register Size For Recognition                                   ; Off                ; Off                ;
; Use LogicLock Constraints during Resource Balancing                             ; On                 ; On                 ;
; Ignore translate_off and synthesis_off directives                               ; Off                ; Off                ;
; Timing-Driven Synthesis                                                         ; On                 ; On                 ;
; Report Parameter Settings                                                       ; On                 ; On                 ;
; Report Source Assignments                                                       ; On                 ; On                 ;
; Report Connectivity Checks                                                      ; On                 ; On                 ;
; Ignore Maximum Fan-Out Assignments                                              ; Off                ; Off                ;
; Synchronization Register Chain Length                                           ; 3                  ; 3                  ;
; Power Optimization During Synthesis                                             ; Normal compilation ; Normal compilation ;
; HDL message level                                                               ; Level2             ; Level2             ;
; Suppress Register Optimization Related Messages                                 ; Off                ; Off                ;
; Number of Removed Registers Reported in Synthesis Report                        ; 5000               ; 5000               ;
; Number of Swept Nodes Reported in Synthesis Report                              ; 5000               ; 5000               ;
; Number of Inverted Registers Reported in Synthesis Report                       ; 100                ; 100                ;
; Clock MUX Protection                                                            ; On                 ; On                 ;
; Auto Gated Clock Conversion                                                     ; Off                ; Off                ;
; Block Design Naming                                                             ; Auto               ; Auto               ;
; SDC constraint protection                                                       ; Off                ; Off                ;
; Synthesis Effort                                                                ; Auto               ; Auto               ;
; Shift Register Replacement - Allow Asynchronous Clear Signal                    ; On                 ; On                 ;
; Pre-Mapping Resynthesis Optimization                                            ; Off                ; Off                ;
; Analysis & Synthesis Message Level                                              ; Medium             ; Medium             ;
; Disable Register Merging Across Hierarchies                                     ; Auto               ; Auto               ;
; Resource Aware Inference For Block RAM                                          ; On                 ; On                 ;
; Automatic Parallel Synthesis                                                    ; On                 ; On                 ;
; Partial Reconfiguration Bitstream ID                                            ; Off                ; Off                ;
+---------------------------------------------------------------------------------+--------------------+--------------------+


+------------------------------------------+
; Parallel Compilation                     ;
+----------------------------+-------------+
; Processors                 ; Number      ;
+----------------------------+-------------+
; Number detected on machine ; 4           ;
; Maximum allowed            ; 2           ;
;                            ;             ;
; Average used               ; 1.00        ;
; Maximum used               ; 1           ;
;                            ;             ;
; Usage by Processor         ; % Time Used ;
;     Processor 1            ; 100.0%      ;
+----------------------------+-------------+


+-------------------------------------------------------------------------------------------------------------------------------------------------------+
; Analysis & Synthesis IP Cores Summary                                                                                                                 ;
+--------+-------------------------+---------+--------------+--------------+----------------------------------------------------------+-----------------+
; Vendor ; IP Core Name            ; Version ; Release Date ; License Type ; Entity Instance                                          ; IP Include File ;
+--------+-------------------------+---------+--------------+--------------+----------------------------------------------------------+-----------------+
; N/A    ; Qsys                    ; 18.0    ; N/A          ; N/A          ; |topLevel|niosHello:u0                                   ; niosHello.qsys  ;
; Altera ; altera_avalon_jtag_uart ; 18.0    ; N/A          ; N/A          ; |topLevel|niosHello:u0|niosHello_jtag_uart_0:jtag_uart_0 ; niosHello.qsys  ;
+--------+-------------------------+---------+--------------+--------------+----------------------------------------------------------+-----------------+


+-------------------------------+
; Analysis & Synthesis Messages ;
+-------------------------------+
Info: *******************************************************************
Info: Running Quartus Prime Analysis & Synthesis
    Info: Version 18.0.0 Build 614 04/24/2018 SJ Standard Edition
    Info: Processing started: Fri Sep 28 11:43:25 2018
Info: Command: quartus_map --read_settings_files=on --write_settings_files=off IPBlinkLed -c NIOS-Blink-LED
Warning (18236): Number of processors has not been specified which may cause overloading on shared machines.  Set the global assignment NUM_PARALLEL_PROCESSORS in your QSF to an appropriate value for best performance.
Info (20030): Parallel compilation is enabled and will use 2 of the 2 processors detected
Info (12021): Found 2 design units, including 1 entities, in source file IP/keypad.vhd
    Info (12022): Found design unit 1: keypad-rtl File: /home/sabrina/GitHub/EmbarcadosAvancados/IPBlinkLed_copy/IP/keypad.vhd Line: 33
    Info (12023): Found entity 1: keypad File: /home/sabrina/GitHub/EmbarcadosAvancados/IPBlinkLed_copy/IP/keypad.vhd Line: 7
Info (12021): Found 1 design units, including 1 entities, in source file niosHello/synthesis/niosHello.v
    Info (12023): Found entity 1: niosHello File: /home/sabrina/GitHub/EmbarcadosAvancados/IPBlinkLed_copy/niosHello/synthesis/niosHello.v Line: 6
Info (12021): Found 1 design units, including 1 entities, in source file niosHello/synthesis/submodules/altera_reset_controller.v
    Info (12023): Found entity 1: altera_reset_controller File: /home/sabrina/GitHub/EmbarcadosAvancados/IPBlinkLed_copy/niosHello/synthesis/submodules/altera_reset_controller.v Line: 42
Info (12021): Found 1 design units, including 1 entities, in source file niosHello/synthesis/submodules/altera_reset_synchronizer.v
    Info (12023): Found entity 1: altera_reset_synchronizer File: /home/sabrina/GitHub/EmbarcadosAvancados/IPBlinkLed_copy/niosHello/synthesis/submodules/altera_reset_synchronizer.v Line: 24
Info (12021): Found 1 design units, including 1 entities, in source file niosHello/synthesis/submodules/niosHello_irq_mapper.sv
    Info (12023): Found entity 1: niosHello_irq_mapper File: /home/sabrina/GitHub/EmbarcadosAvancados/IPBlinkLed_copy/niosHello/synthesis/submodules/niosHello_irq_mapper.sv Line: 31
Info (12021): Found 1 design units, including 1 entities, in source file niosHello/synthesis/submodules/niosHello_mm_interconnect_0.v
    Info (12023): Found entity 1: niosHello_mm_interconnect_0 File: /home/sabrina/GitHub/EmbarcadosAvancados/IPBlinkLed_copy/niosHello/synthesis/submodules/niosHello_mm_interconnect_0.v Line: 9
Info (12021): Found 1 design units, including 1 entities, in source file niosHello/synthesis/submodules/niosHello_mm_interconnect_0_avalon_st_adapter.v
    Info (12023): Found entity 1: niosHello_mm_interconnect_0_avalon_st_adapter File: /home/sabrina/GitHub/EmbarcadosAvancados/IPBlinkLed_copy/niosHello/synthesis/submodules/niosHello_mm_interconnect_0_avalon_st_adapter.v Line: 9
Info (12021): Found 1 design units, including 1 entities, in source file niosHello/synthesis/submodules/niosHello_mm_interconnect_0_avalon_st_adapter_error_adapter_0.sv
    Info (12023): Found entity 1: niosHello_mm_interconnect_0_avalon_st_adapter_error_adapter_0 File: /home/sabrina/GitHub/EmbarcadosAvancados/IPBlinkLed_copy/niosHello/synthesis/submodules/niosHello_mm_interconnect_0_avalon_st_adapter_error_adapter_0.sv Line: 66
Info (12021): Found 1 design units, including 1 entities, in source file niosHello/synthesis/submodules/niosHello_mm_interconnect_0_rsp_mux_001.sv
    Info (12023): Found entity 1: niosHello_mm_interconnect_0_rsp_mux_001 File: /home/sabrina/GitHub/EmbarcadosAvancados/IPBlinkLed_copy/niosHello/synthesis/submodules/niosHello_mm_interconnect_0_rsp_mux_001.sv Line: 51
Info (12021): Found 2 design units, including 2 entities, in source file niosHello/synthesis/submodules/altera_merlin_arbitrator.sv
    Info (12023): Found entity 1: altera_merlin_arbitrator File: /home/sabrina/GitHub/EmbarcadosAvancados/IPBlinkLed_copy/niosHello/synthesis/submodules/altera_merlin_arbitrator.sv Line: 103
    Info (12023): Found entity 2: altera_merlin_arb_adder File: /home/sabrina/GitHub/EmbarcadosAvancados/IPBlinkLed_copy/niosHello/synthesis/submodules/altera_merlin_arbitrator.sv Line: 228
Info (12021): Found 1 design units, including 1 entities, in source file niosHello/synthesis/submodules/niosHello_mm_interconnect_0_rsp_mux.sv
    Info (12023): Found entity 1: niosHello_mm_interconnect_0_rsp_mux File: /home/sabrina/GitHub/EmbarcadosAvancados/IPBlinkLed_copy/niosHello/synthesis/submodules/niosHello_mm_interconnect_0_rsp_mux.sv Line: 51
Info (12021): Found 1 design units, including 1 entities, in source file niosHello/synthesis/submodules/niosHello_mm_interconnect_0_rsp_demux.sv
    Info (12023): Found entity 1: niosHello_mm_interconnect_0_rsp_demux File: /home/sabrina/GitHub/EmbarcadosAvancados/IPBlinkLed_copy/niosHello/synthesis/submodules/niosHello_mm_interconnect_0_rsp_demux.sv Line: 43
Info (12021): Found 1 design units, including 1 entities, in source file niosHello/synthesis/submodules/niosHello_mm_interconnect_0_cmd_mux_002.sv
    Info (12023): Found entity 1: niosHello_mm_interconnect_0_cmd_mux_002 File: /home/sabrina/GitHub/EmbarcadosAvancados/IPBlinkLed_copy/niosHello/synthesis/submodules/niosHello_mm_interconnect_0_cmd_mux_002.sv Line: 51
Info (12021): Found 1 design units, including 1 entities, in source file niosHello/synthesis/submodules/niosHello_mm_interconnect_0_cmd_mux.sv
    Info (12023): Found entity 1: niosHello_mm_interconnect_0_cmd_mux File: /home/sabrina/GitHub/EmbarcadosAvancados/IPBlinkLed_copy/niosHello/synthesis/submodules/niosHello_mm_interconnect_0_cmd_mux.sv Line: 51
Info (12021): Found 1 design units, including 1 entities, in source file niosHello/synthesis/submodules/niosHello_mm_interconnect_0_cmd_demux_001.sv
    Info (12023): Found entity 1: niosHello_mm_interconnect_0_cmd_demux_001 File: /home/sabrina/GitHub/EmbarcadosAvancados/IPBlinkLed_copy/niosHello/synthesis/submodules/niosHello_mm_interconnect_0_cmd_demux_001.sv Line: 43
Info (12021): Found 1 design units, including 1 entities, in source file niosHello/synthesis/submodules/niosHello_mm_interconnect_0_cmd_demux.sv
    Info (12023): Found entity 1: niosHello_mm_interconnect_0_cmd_demux File: /home/sabrina/GitHub/EmbarcadosAvancados/IPBlinkLed_copy/niosHello/synthesis/submodules/niosHello_mm_interconnect_0_cmd_demux.sv Line: 43
Info (12021): Found 2 design units, including 2 entities, in source file niosHello/synthesis/submodules/niosHello_mm_interconnect_0_router_004.sv
    Info (12023): Found entity 1: niosHello_mm_interconnect_0_router_004_default_decode File: /home/sabrina/GitHub/EmbarcadosAvancados/IPBlinkLed_copy/niosHello/synthesis/submodules/niosHello_mm_interconnect_0_router_004.sv Line: 45
    Info (12023): Found entity 2: niosHello_mm_interconnect_0_router_004 File: /home/sabrina/GitHub/EmbarcadosAvancados/IPBlinkLed_copy/niosHello/synthesis/submodules/niosHello_mm_interconnect_0_router_004.sv Line: 84
Info (12021): Found 2 design units, including 2 entities, in source file niosHello/synthesis/submodules/niosHello_mm_interconnect_0_router_002.sv
    Info (12023): Found entity 1: niosHello_mm_interconnect_0_router_002_default_decode File: /home/sabrina/GitHub/EmbarcadosAvancados/IPBlinkLed_copy/niosHello/synthesis/submodules/niosHello_mm_interconnect_0_router_002.sv Line: 45
    Info (12023): Found entity 2: niosHello_mm_interconnect_0_router_002 File: /home/sabrina/GitHub/EmbarcadosAvancados/IPBlinkLed_copy/niosHello/synthesis/submodules/niosHello_mm_interconnect_0_router_002.sv Line: 84
Info (12021): Found 2 design units, including 2 entities, in source file niosHello/synthesis/submodules/niosHello_mm_interconnect_0_router_001.sv
    Info (12023): Found entity 1: niosHello_mm_interconnect_0_router_001_default_decode File: /home/sabrina/GitHub/EmbarcadosAvancados/IPBlinkLed_copy/niosHello/synthesis/submodules/niosHello_mm_interconnect_0_router_001.sv Line: 45
    Info (12023): Found entity 2: niosHello_mm_interconnect_0_router_001 File: /home/sabrina/GitHub/EmbarcadosAvancados/IPBlinkLed_copy/niosHello/synthesis/submodules/niosHello_mm_interconnect_0_router_001.sv Line: 84
Info (12021): Found 2 design units, including 2 entities, in source file niosHello/synthesis/submodules/niosHello_mm_interconnect_0_router.sv
    Info (12023): Found entity 1: niosHello_mm_interconnect_0_router_default_decode File: /home/sabrina/GitHub/EmbarcadosAvancados/IPBlinkLed_copy/niosHello/synthesis/submodules/niosHello_mm_interconnect_0_router.sv Line: 45
    Info (12023): Found entity 2: niosHello_mm_interconnect_0_router File: /home/sabrina/GitHub/EmbarcadosAvancados/IPBlinkLed_copy/niosHello/synthesis/submodules/niosHello_mm_interconnect_0_router.sv Line: 84
Info (12021): Found 1 design units, including 1 entities, in source file niosHello/synthesis/submodules/altera_avalon_sc_fifo.v
    Info (12023): Found entity 1: altera_avalon_sc_fifo File: /home/sabrina/GitHub/EmbarcadosAvancados/IPBlinkLed_copy/niosHello/synthesis/submodules/altera_avalon_sc_fifo.v Line: 21
Info (12021): Found 1 design units, including 1 entities, in source file niosHello/synthesis/submodules/altera_merlin_slave_agent.sv
    Info (12023): Found entity 1: altera_merlin_slave_agent File: /home/sabrina/GitHub/EmbarcadosAvancados/IPBlinkLed_copy/niosHello/synthesis/submodules/altera_merlin_slave_agent.sv Line: 34
Info (12021): Found 1 design units, including 1 entities, in source file niosHello/synthesis/submodules/altera_merlin_burst_uncompressor.sv
    Info (12023): Found entity 1: altera_merlin_burst_uncompressor File: /home/sabrina/GitHub/EmbarcadosAvancados/IPBlinkLed_copy/niosHello/synthesis/submodules/altera_merlin_burst_uncompressor.sv Line: 40
Info (12021): Found 1 design units, including 1 entities, in source file niosHello/synthesis/submodules/altera_merlin_master_agent.sv
    Info (12023): Found entity 1: altera_merlin_master_agent File: /home/sabrina/GitHub/EmbarcadosAvancados/IPBlinkLed_copy/niosHello/synthesis/submodules/altera_merlin_master_agent.sv Line: 28
Info (12021): Found 1 design units, including 1 entities, in source file niosHello/synthesis/submodules/altera_merlin_slave_translator.sv
    Info (12023): Found entity 1: altera_merlin_slave_translator File: /home/sabrina/GitHub/EmbarcadosAvancados/IPBlinkLed_copy/niosHello/synthesis/submodules/altera_merlin_slave_translator.sv Line: 35
Info (12021): Found 1 design units, including 1 entities, in source file niosHello/synthesis/submodules/altera_merlin_master_translator.sv
    Info (12023): Found entity 1: altera_merlin_master_translator File: /home/sabrina/GitHub/EmbarcadosAvancados/IPBlinkLed_copy/niosHello/synthesis/submodules/altera_merlin_master_translator.sv Line: 32
Info (12021): Found 1 design units, including 1 entities, in source file niosHello/synthesis/submodules/niosHello_timer_0.v
    Info (12023): Found entity 1: niosHello_timer_0 File: /home/sabrina/GitHub/EmbarcadosAvancados/IPBlinkLed_copy/niosHello/synthesis/submodules/niosHello_timer_0.v Line: 21
Info (12021): Found 1 design units, including 1 entities, in source file niosHello/synthesis/submodules/niosHello_program_memory.v
    Info (12023): Found entity 1: niosHello_program_memory File: /home/sabrina/GitHub/EmbarcadosAvancados/IPBlinkLed_copy/niosHello/synthesis/submodules/niosHello_program_memory.v Line: 21
Info (12021): Found 1 design units, including 1 entities, in source file niosHello/synthesis/submodules/niosHello_pio_1.v
    Info (12023): Found entity 1: niosHello_pio_1 File: /home/sabrina/GitHub/EmbarcadosAvancados/IPBlinkLed_copy/niosHello/synthesis/submodules/niosHello_pio_1.v Line: 21
Info (12021): Found 1 design units, including 1 entities, in source file niosHello/synthesis/submodules/niosHello_onchip_memory2_0.v
    Info (12023): Found entity 1: niosHello_onchip_memory2_0 File: /home/sabrina/GitHub/EmbarcadosAvancados/IPBlinkLed_copy/niosHello/synthesis/submodules/niosHello_onchip_memory2_0.v Line: 21
Info (12021): Found 1 design units, including 1 entities, in source file niosHello/synthesis/submodules/niosHello_nios2_gen2_0.v
    Info (12023): Found entity 1: niosHello_nios2_gen2_0 File: /home/sabrina/GitHub/EmbarcadosAvancados/IPBlinkLed_copy/niosHello/synthesis/submodules/niosHello_nios2_gen2_0.v Line: 9
Info (12021): Found 1 design units, including 1 entities, in source file niosHello/synthesis/submodules/niosHello_nios2_gen2_0_cpu_debug_slave_sysclk.v
    Info (12023): Found entity 1: niosHello_nios2_gen2_0_cpu_debug_slave_sysclk File: /home/sabrina/GitHub/EmbarcadosAvancados/IPBlinkLed_copy/niosHello/synthesis/submodules/niosHello_nios2_gen2_0_cpu_debug_slave_sysclk.v Line: 21
Info (12021): Found 1 design units, including 1 entities, in source file niosHello/synthesis/submodules/niosHello_nios2_gen2_0_cpu_debug_slave_tck.v
    Info (12023): Found entity 1: niosHello_nios2_gen2_0_cpu_debug_slave_tck File: /home/sabrina/GitHub/EmbarcadosAvancados/IPBlinkLed_copy/niosHello/synthesis/submodules/niosHello_nios2_gen2_0_cpu_debug_slave_tck.v Line: 21
Info (12021): Found 1 design units, including 1 entities, in source file niosHello/synthesis/submodules/niosHello_nios2_gen2_0_cpu_test_bench.v
    Info (12023): Found entity 1: niosHello_nios2_gen2_0_cpu_test_bench File: /home/sabrina/GitHub/EmbarcadosAvancados/IPBlinkLed_copy/niosHello/synthesis/submodules/niosHello_nios2_gen2_0_cpu_test_bench.v Line: 21
Info (12021): Found 1 design units, including 1 entities, in source file niosHello/synthesis/submodules/niosHello_nios2_gen2_0_cpu_debug_slave_wrapper.v
    Info (12023): Found entity 1: niosHello_nios2_gen2_0_cpu_debug_slave_wrapper File: /home/sabrina/GitHub/EmbarcadosAvancados/IPBlinkLed_copy/niosHello/synthesis/submodules/niosHello_nios2_gen2_0_cpu_debug_slave_wrapper.v Line: 21
Info (12021): Found 21 design units, including 21 entities, in source file niosHello/synthesis/submodules/niosHello_nios2_gen2_0_cpu.v
    Info (12023): Found entity 1: niosHello_nios2_gen2_0_cpu_register_bank_a_module File: /home/sabrina/GitHub/EmbarcadosAvancados/IPBlinkLed_copy/niosHello/synthesis/submodules/niosHello_nios2_gen2_0_cpu.v Line: 21
    Info (12023): Found entity 2: niosHello_nios2_gen2_0_cpu_register_bank_b_module File: /home/sabrina/GitHub/EmbarcadosAvancados/IPBlinkLed_copy/niosHello/synthesis/submodules/niosHello_nios2_gen2_0_cpu.v Line: 87
    Info (12023): Found entity 3: niosHello_nios2_gen2_0_cpu_nios2_oci_debug File: /home/sabrina/GitHub/EmbarcadosAvancados/IPBlinkLed_copy/niosHello/synthesis/submodules/niosHello_nios2_gen2_0_cpu.v Line: 153
    Info (12023): Found entity 4: niosHello_nios2_gen2_0_cpu_nios2_oci_break File: /home/sabrina/GitHub/EmbarcadosAvancados/IPBlinkLed_copy/niosHello/synthesis/submodules/niosHello_nios2_gen2_0_cpu.v Line: 295
    Info (12023): Found entity 5: niosHello_nios2_gen2_0_cpu_nios2_oci_xbrk File: /home/sabrina/GitHub/EmbarcadosAvancados/IPBlinkLed_copy/niosHello/synthesis/submodules/niosHello_nios2_gen2_0_cpu.v Line: 588
    Info (12023): Found entity 6: niosHello_nios2_gen2_0_cpu_nios2_oci_dbrk File: /home/sabrina/GitHub/EmbarcadosAvancados/IPBlinkLed_copy/niosHello/synthesis/submodules/niosHello_nios2_gen2_0_cpu.v Line: 795
    Info (12023): Found entity 7: niosHello_nios2_gen2_0_cpu_nios2_oci_itrace File: /home/sabrina/GitHub/EmbarcadosAvancados/IPBlinkLed_copy/niosHello/synthesis/submodules/niosHello_nios2_gen2_0_cpu.v Line: 982
    Info (12023): Found entity 8: niosHello_nios2_gen2_0_cpu_nios2_oci_td_mode File: /home/sabrina/GitHub/EmbarcadosAvancados/IPBlinkLed_copy/niosHello/synthesis/submodules/niosHello_nios2_gen2_0_cpu.v Line: 1115
    Info (12023): Found entity 9: niosHello_nios2_gen2_0_cpu_nios2_oci_dtrace File: /home/sabrina/GitHub/EmbarcadosAvancados/IPBlinkLed_copy/niosHello/synthesis/submodules/niosHello_nios2_gen2_0_cpu.v Line: 1183
    Info (12023): Found entity 10: niosHello_nios2_gen2_0_cpu_nios2_oci_compute_input_tm_cnt File: /home/sabrina/GitHub/EmbarcadosAvancados/IPBlinkLed_copy/niosHello/synthesis/submodules/niosHello_nios2_gen2_0_cpu.v Line: 1265
    Info (12023): Found entity 11: niosHello_nios2_gen2_0_cpu_nios2_oci_fifo_wrptr_inc File: /home/sabrina/GitHub/EmbarcadosAvancados/IPBlinkLed_copy/niosHello/synthesis/submodules/niosHello_nios2_gen2_0_cpu.v Line: 1337
    Info (12023): Found entity 12: niosHello_nios2_gen2_0_cpu_nios2_oci_fifo_cnt_inc File: /home/sabrina/GitHub/EmbarcadosAvancados/IPBlinkLed_copy/niosHello/synthesis/submodules/niosHello_nios2_gen2_0_cpu.v Line: 1380
    Info (12023): Found entity 13: niosHello_nios2_gen2_0_cpu_nios2_oci_fifo File: /home/sabrina/GitHub/EmbarcadosAvancados/IPBlinkLed_copy/niosHello/synthesis/submodules/niosHello_nios2_gen2_0_cpu.v Line: 1427
    Info (12023): Found entity 14: niosHello_nios2_gen2_0_cpu_nios2_oci_pib File: /home/sabrina/GitHub/EmbarcadosAvancados/IPBlinkLed_copy/niosHello/synthesis/submodules/niosHello_nios2_gen2_0_cpu.v Line: 1913
    Info (12023): Found entity 15: niosHello_nios2_gen2_0_cpu_nios2_oci_im File: /home/sabrina/GitHub/EmbarcadosAvancados/IPBlinkLed_copy/niosHello/synthesis/submodules/niosHello_nios2_gen2_0_cpu.v Line: 1936
    Info (12023): Found entity 16: niosHello_nios2_gen2_0_cpu_nios2_performance_monitors File: /home/sabrina/GitHub/EmbarcadosAvancados/IPBlinkLed_copy/niosHello/synthesis/submodules/niosHello_nios2_gen2_0_cpu.v Line: 2006
    Info (12023): Found entity 17: niosHello_nios2_gen2_0_cpu_nios2_avalon_reg File: /home/sabrina/GitHub/EmbarcadosAvancados/IPBlinkLed_copy/niosHello/synthesis/submodules/niosHello_nios2_gen2_0_cpu.v Line: 2023
    Info (12023): Found entity 18: niosHello_nios2_gen2_0_cpu_ociram_sp_ram_module File: /home/sabrina/GitHub/EmbarcadosAvancados/IPBlinkLed_copy/niosHello/synthesis/submodules/niosHello_nios2_gen2_0_cpu.v Line: 2116
    Info (12023): Found entity 19: niosHello_nios2_gen2_0_cpu_nios2_ocimem File: /home/sabrina/GitHub/EmbarcadosAvancados/IPBlinkLed_copy/niosHello/synthesis/submodules/niosHello_nios2_gen2_0_cpu.v Line: 2181
    Info (12023): Found entity 20: niosHello_nios2_gen2_0_cpu_nios2_oci File: /home/sabrina/GitHub/EmbarcadosAvancados/IPBlinkLed_copy/niosHello/synthesis/submodules/niosHello_nios2_gen2_0_cpu.v Line: 2362
    Info (12023): Found entity 21: niosHello_nios2_gen2_0_cpu File: /home/sabrina/GitHub/EmbarcadosAvancados/IPBlinkLed_copy/niosHello/synthesis/submodules/niosHello_nios2_gen2_0_cpu.v Line: 2834
Info (12021): Found 2 design units, including 1 entities, in source file niosHello/synthesis/submodules/keypad.vhd
    Info (12022): Found design unit 1: keypad-rtl File: /home/sabrina/GitHub/EmbarcadosAvancados/IPBlinkLed_copy/niosHello/synthesis/submodules/keypad.vhd Line: 33
    Info (12023): Found entity 1: keypad File: /home/sabrina/GitHub/EmbarcadosAvancados/IPBlinkLed_copy/niosHello/synthesis/submodules/keypad.vhd Line: 7
Info (12021): Found 5 design units, including 5 entities, in source file niosHello/synthesis/submodules/niosHello_jtag_uart_0.v
    Info (12023): Found entity 1: niosHello_jtag_uart_0_sim_scfifo_w File: /home/sabrina/GitHub/EmbarcadosAvancados/IPBlinkLed_copy/niosHello/synthesis/submodules/niosHello_jtag_uart_0.v Line: 21
    Info (12023): Found entity 2: niosHello_jtag_uart_0_scfifo_w File: /home/sabrina/GitHub/EmbarcadosAvancados/IPBlinkLed_copy/niosHello/synthesis/submodules/niosHello_jtag_uart_0.v Line: 78
    Info (12023): Found entity 3: niosHello_jtag_uart_0_sim_scfifo_r File: /home/sabrina/GitHub/EmbarcadosAvancados/IPBlinkLed_copy/niosHello/synthesis/submodules/niosHello_jtag_uart_0.v Line: 164
    Info (12023): Found entity 4: niosHello_jtag_uart_0_scfifo_r File: /home/sabrina/GitHub/EmbarcadosAvancados/IPBlinkLed_copy/niosHello/synthesis/submodules/niosHello_jtag_uart_0.v Line: 243
    Info (12023): Found entity 5: niosHello_jtag_uart_0 File: /home/sabrina/GitHub/EmbarcadosAvancados/IPBlinkLed_copy/niosHello/synthesis/submodules/niosHello_jtag_uart_0.v Line: 331
Info (12021): Found 2 design units, including 1 entities, in source file topLevel.vhd
    Info (12022): Found design unit 1: topLevel-rtl File: /home/sabrina/GitHub/EmbarcadosAvancados/IPBlinkLed_copy/topLevel.vhd Line: 26
    Info (12023): Found entity 1: topLevel File: /home/sabrina/GitHub/EmbarcadosAvancados/IPBlinkLed_copy/topLevel.vhd Line: 4
Info (12021): Found 2 design units, including 1 entities, in source file output_files/LED_peripheral.vhd
    Info (12022): Found design unit 1: LED_peripheral-rtl File: /home/sabrina/GitHub/EmbarcadosAvancados/IPBlinkLed_copy/output_files/LED_peripheral.vhd Line: 18
    Info (12023): Found entity 1: LED_peripheral File: /home/sabrina/GitHub/EmbarcadosAvancados/IPBlinkLed_copy/output_files/LED_peripheral.vhd Line: 4
Warning (12019): Can't analyze file -- file ../Entrega 2/topLevel.vhd is missing
Info (12021): Found 2 design units, including 1 entities, in source file IP/peripheral-LED.vhd
    Info (12022): Found design unit 1: peripheral_LED-rtl File: /home/sabrina/GitHub/EmbarcadosAvancados/IPBlinkLed_copy/IP/peripheral-LED.vhd Line: 28
    Info (12023): Found entity 1: peripheral_LED File: /home/sabrina/GitHub/EmbarcadosAvancados/IPBlinkLed_copy/IP/peripheral-LED.vhd Line: 7
Info (12127): Elaborating entity "topLevel" for the top level hierarchy
Info (12128): Elaborating entity "niosHello" for hierarchy "niosHello:u0" File: /home/sabrina/GitHub/EmbarcadosAvancados/IPBlinkLed_copy/topLevel.vhd Line: 40
Info (12128): Elaborating entity "niosHello_jtag_uart_0" for hierarchy "niosHello:u0|niosHello_jtag_uart_0:jtag_uart_0" File: /home/sabrina/GitHub/EmbarcadosAvancados/IPBlinkLed_copy/niosHello/synthesis/niosHello.v Line: 92
Info (12128): Elaborating entity "niosHello_jtag_uart_0_scfifo_w" for hierarchy "niosHello:u0|niosHello_jtag_uart_0:jtag_uart_0|niosHello_jtag_uart_0_scfifo_w:the_niosHello_jtag_uart_0_scfifo_w" File: /home/sabrina/GitHub/EmbarcadosAvancados/IPBlinkLed_copy/niosHello/synthesis/submodules/niosHello_jtag_uart_0.v Line: 420
Info (12128): Elaborating entity "scfifo" for hierarchy "niosHello:u0|niosHello_jtag_uart_0:jtag_uart_0|niosHello_jtag_uart_0_scfifo_w:the_niosHello_jtag_uart_0_scfifo_w|scfifo:wfifo" File: /home/sabrina/GitHub/EmbarcadosAvancados/IPBlinkLed_copy/niosHello/synthesis/submodules/niosHello_jtag_uart_0.v Line: 139
Info (12130): Elaborated megafunction instantiation "niosHello:u0|niosHello_jtag_uart_0:jtag_uart_0|niosHello_jtag_uart_0_scfifo_w:the_niosHello_jtag_uart_0_scfifo_w|scfifo:wfifo" File: /home/sabrina/GitHub/EmbarcadosAvancados/IPBlinkLed_copy/niosHello/synthesis/submodules/niosHello_jtag_uart_0.v Line: 139
Info (12133): Instantiated megafunction "niosHello:u0|niosHello_jtag_uart_0:jtag_uart_0|niosHello_jtag_uart_0_scfifo_w:the_niosHello_jtag_uart_0_scfifo_w|scfifo:wfifo" with the following parameter: File: /home/sabrina/GitHub/EmbarcadosAvancados/IPBlinkLed_copy/niosHello/synthesis/submodules/niosHello_jtag_uart_0.v Line: 139
    Info (12134): Parameter "lpm_hint" = "RAM_BLOCK_TYPE=AUTO"
    Info (12134): Parameter "lpm_numwords" = "64"
    Info (12134): Parameter "lpm_showahead" = "OFF"
    Info (12134): Parameter "lpm_type" = "scfifo"
    Info (12134): Parameter "lpm_width" = "8"
    Info (12134): Parameter "lpm_widthu" = "6"
    Info (12134): Parameter "overflow_checking" = "OFF"
    Info (12134): Parameter "underflow_checking" = "OFF"
    Info (12134): Parameter "use_eab" = "ON"
Info (12021): Found 1 design units, including 1 entities, in source file db/scfifo_3291.tdf
    Info (12023): Found entity 1: scfifo_3291 File: /home/sabrina/GitHub/EmbarcadosAvancados/IPBlinkLed_copy/db/scfifo_3291.tdf Line: 24
Info (12128): Elaborating entity "scfifo_3291" for hierarchy "niosHello:u0|niosHello_jtag_uart_0:jtag_uart_0|niosHello_jtag_uart_0_scfifo_w:the_niosHello_jtag_uart_0_scfifo_w|scfifo:wfifo|scfifo_3291:auto_generated" File: /home/sabrina/intelFPGA_lite/18.0/quartus/libraries/megafunctions/scfifo.tdf Line: 299
Info (12021): Found 1 design units, including 1 entities, in source file db/a_dpfifo_5771.tdf
    Info (12023): Found entity 1: a_dpfifo_5771 File: /home/sabrina/GitHub/EmbarcadosAvancados/IPBlinkLed_copy/db/a_dpfifo_5771.tdf Line: 28
Info (12128): Elaborating entity "a_dpfifo_5771" for hierarchy "niosHello:u0|niosHello_jtag_uart_0:jtag_uart_0|niosHello_jtag_uart_0_scfifo_w:the_niosHello_jtag_uart_0_scfifo_w|scfifo:wfifo|scfifo_3291:auto_generated|a_dpfifo_5771:dpfifo" File: /home/sabrina/GitHub/EmbarcadosAvancados/IPBlinkLed_copy/db/scfifo_3291.tdf Line: 37
Info (12021): Found 1 design units, including 1 entities, in source file db/a_fefifo_7cf.tdf
    Info (12023): Found entity 1: a_fefifo_7cf File: /home/sabrina/GitHub/EmbarcadosAvancados/IPBlinkLed_copy/db/a_fefifo_7cf.tdf Line: 24
Info (12128): Elaborating entity "a_fefifo_7cf" for hierarchy "niosHello:u0|niosHello_jtag_uart_0:jtag_uart_0|niosHello_jtag_uart_0_scfifo_w:the_niosHello_jtag_uart_0_scfifo_w|scfifo:wfifo|scfifo_3291:auto_generated|a_dpfifo_5771:dpfifo|a_fefifo_7cf:fifo_state" File: /home/sabrina/GitHub/EmbarcadosAvancados/IPBlinkLed_copy/db/a_dpfifo_5771.tdf Line: 42
Info (12021): Found 1 design units, including 1 entities, in source file db/cntr_vg7.tdf
    Info (12023): Found entity 1: cntr_vg7 File: /home/sabrina/GitHub/EmbarcadosAvancados/IPBlinkLed_copy/db/cntr_vg7.tdf Line: 25
Info (12128): Elaborating entity "cntr_vg7" for hierarchy "niosHello:u0|niosHello_jtag_uart_0:jtag_uart_0|niosHello_jtag_uart_0_scfifo_w:the_niosHello_jtag_uart_0_scfifo_w|scfifo:wfifo|scfifo_3291:auto_generated|a_dpfifo_5771:dpfifo|a_fefifo_7cf:fifo_state|cntr_vg7:count_usedw" File: /home/sabrina/GitHub/EmbarcadosAvancados/IPBlinkLed_copy/db/a_fefifo_7cf.tdf Line: 38
Info (12021): Found 1 design units, including 1 entities, in source file db/altsyncram_7pu1.tdf
    Info (12023): Found entity 1: altsyncram_7pu1 File: /home/sabrina/GitHub/EmbarcadosAvancados/IPBlinkLed_copy/db/altsyncram_7pu1.tdf Line: 27
Info (12128): Elaborating entity "altsyncram_7pu1" for hierarchy "niosHello:u0|niosHello_jtag_uart_0:jtag_uart_0|niosHello_jtag_uart_0_scfifo_w:the_niosHello_jtag_uart_0_scfifo_w|scfifo:wfifo|scfifo_3291:auto_generated|a_dpfifo_5771:dpfifo|altsyncram_7pu1:FIFOram" File: /home/sabrina/GitHub/EmbarcadosAvancados/IPBlinkLed_copy/db/a_dpfifo_5771.tdf Line: 43
Info (12021): Found 1 design units, including 1 entities, in source file db/cntr_jgb.tdf
    Info (12023): Found entity 1: cntr_jgb File: /home/sabrina/GitHub/EmbarcadosAvancados/IPBlinkLed_copy/db/cntr_jgb.tdf Line: 25
Info (12128): Elaborating entity "cntr_jgb" for hierarchy "niosHello:u0|niosHello_jtag_uart_0:jtag_uart_0|niosHello_jtag_uart_0_scfifo_w:the_niosHello_jtag_uart_0_scfifo_w|scfifo:wfifo|scfifo_3291:auto_generated|a_dpfifo_5771:dpfifo|cntr_jgb:rd_ptr_count" File: /home/sabrina/GitHub/EmbarcadosAvancados/IPBlinkLed_copy/db/a_dpfifo_5771.tdf Line: 44
Info (12128): Elaborating entity "niosHello_jtag_uart_0_scfifo_r" for hierarchy "niosHello:u0|niosHello_jtag_uart_0:jtag_uart_0|niosHello_jtag_uart_0_scfifo_r:the_niosHello_jtag_uart_0_scfifo_r" File: /home/sabrina/GitHub/EmbarcadosAvancados/IPBlinkLed_copy/niosHello/synthesis/submodules/niosHello_jtag_uart_0.v Line: 434
Info (12128): Elaborating entity "alt_jtag_atlantic" for hierarchy "niosHello:u0|niosHello_jtag_uart_0:jtag_uart_0|alt_jtag_atlantic:niosHello_jtag_uart_0_alt_jtag_atlantic" File: /home/sabrina/GitHub/EmbarcadosAvancados/IPBlinkLed_copy/niosHello/synthesis/submodules/niosHello_jtag_uart_0.v Line: 569
Info (12130): Elaborated megafunction instantiation "niosHello:u0|niosHello_jtag_uart_0:jtag_uart_0|alt_jtag_atlantic:niosHello_jtag_uart_0_alt_jtag_atlantic" File: /home/sabrina/GitHub/EmbarcadosAvancados/IPBlinkLed_copy/niosHello/synthesis/submodules/niosHello_jtag_uart_0.v Line: 569
Info (12133): Instantiated megafunction "niosHello:u0|niosHello_jtag_uart_0:jtag_uart_0|alt_jtag_atlantic:niosHello_jtag_uart_0_alt_jtag_atlantic" with the following parameter: File: /home/sabrina/GitHub/EmbarcadosAvancados/IPBlinkLed_copy/niosHello/synthesis/submodules/niosHello_jtag_uart_0.v Line: 569
    Info (12134): Parameter "INSTANCE_ID" = "0"
    Info (12134): Parameter "LOG2_RXFIFO_DEPTH" = "6"
    Info (12134): Parameter "LOG2_TXFIFO_DEPTH" = "6"
    Info (12134): Parameter "SLD_AUTO_INSTANCE_INDEX" = "YES"
Info (12128): Elaborating entity "sld_jtag_endpoint_adapter" for hierarchy "niosHello:u0|niosHello_jtag_uart_0:jtag_uart_0|alt_jtag_atlantic:niosHello_jtag_uart_0_alt_jtag_atlantic|sld_jtag_endpoint_adapter:inst" File: /home/sabrina/intelFPGA_lite/18.0/quartus/libraries/megafunctions/alt_jtag_atlantic.v Line: 276
Info (12128): Elaborating entity "sld_jtag_endpoint_adapter_impl" for hierarchy "niosHello:u0|niosHello_jtag_uart_0:jtag_uart_0|alt_jtag_atlantic:niosHello_jtag_uart_0_alt_jtag_atlantic|sld_jtag_endpoint_adapter:inst|sld_jtag_endpoint_adapter_impl:sld_jtag_endpoint_adapter_impl_inst" File: /home/sabrina/intelFPGA_lite/18.0/quartus/libraries/megafunctions/sld_jtag_endpoint_adapter.vhd Line: 232
Info (12128): Elaborating entity "keypad" for hierarchy "niosHello:u0|keypad:keypad_0" File: /home/sabrina/GitHub/EmbarcadosAvancados/IPBlinkLed_copy/niosHello/synthesis/niosHello.v Line: 108
Warning (10492): VHDL Process Statement warning at keypad.vhd(59): signal "reset" is read inside the Process Statement but isn't in the Process Statement's sensitivity list File: /home/sabrina/GitHub/EmbarcadosAvancados/IPBlinkLed_copy/niosHello/synthesis/submodules/keypad.vhd Line: 59
Warning (10492): VHDL Process Statement warning at keypad.vhd(92): signal "reset" is read inside the Process Statement but isn't in the Process Statement's sensitivity list File: /home/sabrina/GitHub/EmbarcadosAvancados/IPBlinkLed_copy/niosHello/synthesis/submodules/keypad.vhd Line: 92
Error (10324): VHDL Expression error at keypad.vhd(118): expression ""1111"" has 4 elements ; expected 32 elements. File: /home/sabrina/GitHub/EmbarcadosAvancados/IPBlinkLed_copy/niosHello/synthesis/submodules/keypad.vhd Line: 118
Error (12152): Can't elaborate user hierarchy "niosHello:u0|keypad:keypad_0" File: /home/sabrina/GitHub/EmbarcadosAvancados/IPBlinkLed_copy/niosHello/synthesis/niosHello.v Line: 108
Info (144001): Generated suppressed messages file /home/sabrina/GitHub/EmbarcadosAvancados/IPBlinkLed_copy/output_files/NIOS-Blink-LED.map.smsg
Error: Quartus Prime Analysis & Synthesis was unsuccessful. 2 errors, 4 warnings
    Error: Peak virtual memory: 1093 megabytes
    Error: Processing ended: Fri Sep 28 11:43:42 2018
    Error: Elapsed time: 00:00:17
    Error: Total CPU time (on all processors): 00:00:32


+------------------------------------------+
; Analysis & Synthesis Suppressed Messages ;
+------------------------------------------+
The suppressed messages can be found in /home/sabrina/GitHub/EmbarcadosAvancados/IPBlinkLed_copy/output_files/NIOS-Blink-LED.map.smsg.


