This file contains any messages produced by compilers while
running configure, to aid debugging if configure makes a mistake.

It was created by configure, which was
generated by GNU Autoconf 2.69.  Invocation command line was

  $ ./configure --disable-option-checking --prefix=/usr/local --program-transform-name=s&^&arm-linux-gnueabi-& --build=x86_64-pc-linux-gnu --host=x86_64-pc-linux-gnu --target=arm-linux-gnueabi build_alias=x86_64-pc-linux-gnu host_alias=x86_64-pc-linux-gnu target_alias=arm-linux-gnueabi CC=gcc CFLAGS=-g -O2 LDFLAGS=-static-libstdc++ -static-libgcc  --cache-file=.././config.cache --srcdir=.

## --------- ##
## Platform. ##
## --------- ##

hostname = sabrina-Inspiron-15-5578
uname -m = x86_64
uname -r = 4.15.0-34-generic
uname -s = Linux
uname -v = #37-Ubuntu SMP Mon Aug 27 15:21:48 UTC 2018

/usr/bin/uname -p = unknown
/bin/uname -X     = unknown

/bin/arch              = unknown
/usr/bin/arch -k       = unknown
/usr/convex/getsysinfo = unknown
/usr/bin/hostinfo      = unknown
/bin/machine           = unknown
/usr/bin/oslevel       = unknown
/bin/universe          = unknown

PATH: /usr/local/sbin
PATH: /usr/local/bin
PATH: /usr/sbin
PATH: /usr/bin
PATH: /sbin
PATH: /bin
PATH: /usr/games
PATH: /usr/local/games
PATH: /snap/bin
PATH: /home/sabrina/intelFPGA_lite/18.0/quartus/bin
PATH: /home/sabrina/intelFPGA_lite/18.0/modelsim_ase/linuxaloem/
PATH: /home/sabrina/intelFPGA_lite/18.0/quartus/sopc_builder/bin/
PATH: /home/sabrina/intelFPGA/18.1/embedded/host_tools/altera/preloadergen/
PATH: /home/sabrina/intelFPGA/18.1/quartus/embedded/
PATH: /home/sabrina/intelFPGA_lite/18.0/nios2eds/


## ----------- ##
## Core tests. ##
## ----------- ##

configure:2276: loading cache .././config.cache
configure:4179: checking for x86_64-pc-linux-gnu-gcc
configure:4206: result: gcc
configure:4475: checking for C compiler version
configure:4484: gcc --version >&5
gcc (Ubuntu 7.3.0-16ubuntu3) 7.3.0
Copyright (C) 2017 Free Software Foundation, Inc.
This is free software; see the source for copying conditions.  There is NO
warranty; not even for MERCHANTABILITY or FITNESS FOR A PARTICULAR PURPOSE.

configure:4495: $? = 0
configure:4484: gcc -v >&5
Using built-in specs.
COLLECT_GCC=gcc
COLLECT_LTO_WRAPPER=/usr/lib/gcc/x86_64-linux-gnu/7/lto-wrapper
OFFLOAD_TARGET_NAMES=nvptx-none
OFFLOAD_TARGET_DEFAULT=1
Target: x86_64-linux-gnu
Configured with: ../src/configure -v --with-pkgversion='Ubuntu 7.3.0-16ubuntu3' --with-bugurl=file:///usr/share/doc/gcc-7/README.Bugs --enable-languages=c,ada,c++,go,brig,d,fortran,objc,obj-c++ --prefix=/usr --with-gcc-major-version-only --with-as=/usr/bin/x86_64-linux-gnu-as --with-ld=/usr/bin/x86_64-linux-gnu-ld --program-suffix=-7 --program-prefix=x86_64-linux-gnu- --enable-shared --enable-linker-build-id --libexecdir=/usr/lib --without-included-gettext --enable-threads=posix --libdir=/usr/lib --enable-nls --with-sysroot=/ --enable-clocale=gnu --enable-libstdcxx-debug --enable-libstdcxx-time=yes --with-default-libstdcxx-abi=new --enable-gnu-unique-object --disable-vtable-verify --enable-libmpx --enable-plugin --enable-default-pie --with-system-zlib --with-target-system-zlib --enable-objc-gc=auto --enable-multiarch --disable-werror --with-arch-32=i686 --with-abi=m64 --with-multilib-list=m32,m64,mx32 --enable-multilib --with-tune=generic --enable-offload-targets=nvptx-none --without-cuda-driver --enable-checking=release --build=x86_64-linux-gnu --host=x86_64-linux-gnu --target=x86_64-linux-gnu
Thread model: posix
gcc version 7.3.0 (Ubuntu 7.3.0-16ubuntu3) 
configure:4495: $? = 0
configure:4484: gcc -V >&5
gcc: error: unrecognized command line option '-V'
gcc: fatal error: no input files
compilation terminated.
configure:4495: $? = 1
configure:4484: gcc -qversion >&5
gcc: error: unrecognized command line option '-qversion'; did you mean '--version'?
gcc: fatal error: no input files
compilation terminated.
configure:4495: $? = 1
configure:4515: checking whether the C compiler works
configure:4537: gcc -g -O2  -static-libstdc++ -static-libgcc  conftest.c  >&5
configure:4541: $? = 0
configure:4589: result: yes
configure:4592: checking for C compiler default output file name
configure:4594: result: a.out
configure:4600: checking for suffix of executables
configure:4607: gcc -o conftest -g -O2  -static-libstdc++ -static-libgcc  conftest.c  >&5
configure:4611: $? = 0
configure:4633: result: 
configure:4655: checking whether we are cross compiling
configure:4663: gcc -o conftest -g -O2  -static-libstdc++ -static-libgcc  conftest.c  >&5
configure:4667: $? = 0
configure:4674: ./conftest
configure:4678: $? = 0
configure:4693: result: no
configure:4698: checking for suffix of object files
configure:4745: result: o
configure:4749: checking whether we are using the GNU C compiler
configure:4777: result: yes
configure:4786: checking whether gcc accepts -g
configure:4847: result: yes
configure:4864: checking for gcc option to accept ISO C89
configure:4940: result: none needed
configure:4993: checking build system type
configure:5007: result: x86_64-pc-linux-gnu
configure:5027: checking host system type
configure:5040: result: x86_64-pc-linux-gnu
configure:5060: checking target system type
configure:5073: result: arm-unknown-linux-gnueabi
configure:5105: checking how to run the C preprocessor
configure:5136: gcc -E  conftest.c
configure:5136: $? = 0
configure:5150: gcc -E  conftest.c
conftest.c:9:10: fatal error: ac_nonexistent.h: No such file or directory
 #include <ac_nonexistent.h>
          ^~~~~~~~~~~~~~~~~~
compilation terminated.
configure:5150: $? = 1
configure: failed program was:
| /* confdefs.h */
| #define PACKAGE_NAME ""
| #define PACKAGE_TARNAME ""
| #define PACKAGE_VERSION ""
| #define PACKAGE_STRING ""
| #define PACKAGE_BUGREPORT ""
| #define PACKAGE_URL ""
| /* end confdefs.h.  */
| #include <ac_nonexistent.h>
configure:5175: result: gcc -E
configure:5195: gcc -E  conftest.c
configure:5195: $? = 0
configure:5209: gcc -E  conftest.c
conftest.c:9:10: fatal error: ac_nonexistent.h: No such file or directory
 #include <ac_nonexistent.h>
          ^~~~~~~~~~~~~~~~~~
compilation terminated.
configure:5209: $? = 1
configure: failed program was:
| /* confdefs.h */
| #define PACKAGE_NAME ""
| #define PACKAGE_TARNAME ""
| #define PACKAGE_VERSION ""
| #define PACKAGE_STRING ""
| #define PACKAGE_BUGREPORT ""
| #define PACKAGE_URL ""
| /* end confdefs.h.  */
| #include <ac_nonexistent.h>
configure:5238: checking for grep that handles long lines and -e
configure:5296: result: /bin/grep
configure:5301: checking for egrep
configure:5363: result: /bin/grep -E
configure:5368: checking for ANSI C header files
configure:5388: gcc -c -g -O2  conftest.c >&5
configure:5388: $? = 0
configure:5461: gcc -o conftest -g -O2  -static-libstdc++ -static-libgcc  conftest.c  >&5
configure:5461: $? = 0
configure:5461: ./conftest
configure:5461: $? = 0
configure:5472: result: yes
configure:5485: checking for sys/types.h
configure:5485: gcc -c -g -O2  conftest.c >&5
configure:5485: $? = 0
configure:5485: result: yes
configure:5485: checking for sys/stat.h
configure:5485: gcc -c -g -O2  conftest.c >&5
configure:5485: $? = 0
configure:5485: result: yes
configure:5485: checking for stdlib.h
configure:5485: gcc -c -g -O2  conftest.c >&5
configure:5485: $? = 0
configure:5485: result: yes
configure:5485: checking for string.h
configure:5485: gcc -c -g -O2  conftest.c >&5
configure:5485: $? = 0
configure:5485: result: yes
configure:5485: checking for memory.h
configure:5485: gcc -c -g -O2  conftest.c >&5
configure:5485: $? = 0
configure:5485: result: yes
configure:5485: checking for strings.h
configure:5485: gcc -c -g -O2  conftest.c >&5
configure:5485: $? = 0
configure:5485: result: yes
configure:5485: checking for inttypes.h
configure:5485: gcc -c -g -O2  conftest.c >&5
configure:5485: $? = 0
configure:5485: result: yes
configure:5485: checking for stdint.h
configure:5485: gcc -c -g -O2  conftest.c >&5
configure:5485: $? = 0
configure:5485: result: yes
configure:5485: checking for unistd.h
configure:5485: gcc -c -g -O2  conftest.c >&5
configure:5485: $? = 0
configure:5485: result: yes
configure:5498: checking minix/config.h usability
configure:5498: gcc -c -g -O2  conftest.c >&5
conftest.c:52:10: fatal error: minix/config.h: No such file or directory
 #include <minix/config.h>
          ^~~~~~~~~~~~~~~~
compilation terminated.
configure:5498: $? = 1
configure: failed program was:
| /* confdefs.h */
| #define PACKAGE_NAME ""
| #define PACKAGE_TARNAME ""
| #define PACKAGE_VERSION ""
| #define PACKAGE_STRING ""
| #define PACKAGE_BUGREPORT ""
| #define PACKAGE_URL ""
| #define STDC_HEADERS 1
| #define HAVE_SYS_TYPES_H 1
| #define HAVE_SYS_STAT_H 1
| #define HAVE_STDLIB_H 1
| #define HAVE_STRING_H 1
| #define HAVE_MEMORY_H 1
| #define HAVE_STRINGS_H 1
| #define HAVE_INTTYPES_H 1
| #define HAVE_STDINT_H 1
| #define HAVE_UNISTD_H 1
| /* end confdefs.h.  */
| #include <stdio.h>
| #ifdef HAVE_SYS_TYPES_H
| # include <sys/types.h>
| #endif
| #ifdef HAVE_SYS_STAT_H
| # include <sys/stat.h>
| #endif
| #ifdef STDC_HEADERS
| # include <stdlib.h>
| # include <stddef.h>
| #else
| # ifdef HAVE_STDLIB_H
| #  include <stdlib.h>
| # endif
| #endif
| #ifdef HAVE_STRING_H
| # if !defined STDC_HEADERS && defined HAVE_MEMORY_H
| #  include <memory.h>
| # endif
| # include <string.h>
| #endif
| #ifdef HAVE_STRINGS_H
| # include <strings.h>
| #endif
| #ifdef HAVE_INTTYPES_H
| # include <inttypes.h>
| #endif
| #ifdef HAVE_STDINT_H
| # include <stdint.h>
| #endif
| #ifdef HAVE_UNISTD_H
| # include <unistd.h>
| #endif
| #include <minix/config.h>
configure:5498: result: no
configure:5498: checking minix/config.h presence
configure:5498: gcc -E  conftest.c
conftest.c:19:10: fatal error: minix/config.h: No such file or directory
 #include <minix/config.h>
          ^~~~~~~~~~~~~~~~
compilation terminated.
configure:5498: $? = 1
configure: failed program was:
| /* confdefs.h */
| #define PACKAGE_NAME ""
| #define PACKAGE_TARNAME ""
| #define PACKAGE_VERSION ""
| #define PACKAGE_STRING ""
| #define PACKAGE_BUGREPORT ""
| #define PACKAGE_URL ""
| #define STDC_HEADERS 1
| #define HAVE_SYS_TYPES_H 1
| #define HAVE_SYS_STAT_H 1
| #define HAVE_STDLIB_H 1
| #define HAVE_STRING_H 1
| #define HAVE_MEMORY_H 1
| #define HAVE_STRINGS_H 1
| #define HAVE_INTTYPES_H 1
| #define HAVE_STDINT_H 1
| #define HAVE_UNISTD_H 1
| /* end confdefs.h.  */
| #include <minix/config.h>
configure:5498: result: no
configure:5498: checking for minix/config.h
configure:5498: result: no
configure:5519: checking whether it is safe to define __EXTENSIONS__
configure:5537: gcc -c -g -O2  conftest.c >&5
configure:5537: $? = 0
configure:5544: result: yes
configure:5582: checking for a BSD-compatible install
configure:5650: result: /usr/bin/install -c
configure:5718: checking how to print strings
configure:5745: result: printf
configure:5766: checking for a sed that does not truncate output
configure:5830: result: /bin/sed
configure:5848: checking for fgrep
configure:5910: result: /bin/grep -F
configure:5945: checking for ld used by gcc
configure:6012: result: /usr/bin/x86_64-linux-gnu-ld
configure:6019: checking if the linker (/usr/bin/x86_64-linux-gnu-ld) is GNU ld
configure:6034: result: yes
configure:6046: checking for BSD- or MS-compatible name lister (nm)
configure:6095: result: nm
configure:6225: checking the name lister (nm) interface
configure:6232: gcc -c -g -O2  conftest.c >&5
configure:6235: nm "conftest.o"
configure:6238: output
0000000000000000 B some_variable
configure:6245: result: BSD nm
configure:6248: checking whether ln -s works
configure:6252: result: yes
configure:6260: checking the maximum length of command line arguments
configure:6385: result: 1572864
configure:6402: checking whether the shell understands some XSI constructs
configure:6412: result: yes
configure:6416: checking whether the shell understands "+="
configure:6422: result: yes
configure:6457: checking for /usr/bin/x86_64-linux-gnu-ld option to reload object files
configure:6464: result: -r
configure:6493: checking for x86_64-pc-linux-gnu-objdump
configure:6520: result: objdump
configure:6592: checking how to recognize dependent libraries
configure:6793: result: pass_all
configure:6813: checking for x86_64-pc-linux-gnu-ar
configure:6840: result: ar
configure:6918: checking for x86_64-pc-linux-gnu-strip
configure:6948: result: no
configure:6958: checking for strip
configure:6974: found /usr/bin/strip
configure:6985: result: strip
configure:7017: checking for x86_64-pc-linux-gnu-ranlib
configure:7044: result: ranlib
configure:7161: checking for gawk
configure:7188: result: gawk
configure:7228: checking command to parse nm output from gcc object
configure:7346: gcc -c -g -O2  conftest.c >&5
configure:7349: $? = 0
configure:7353: nm conftest.o \| sed -n -e 's/^.*[ ]\([ABCDGIRSTW][ABCDGIRSTW]*\)[ ][ ]*\([_A-Za-z][_A-Za-z0-9]*\)$/\1 \2 \2/p' \> conftest.nm
configure:7356: $? = 0
configure:7410: gcc -o conftest -g -O2  -static-libstdc++ -static-libgcc  conftest.c conftstm.o >&5
configure:7413: $? = 0
configure:7451: result: ok
configure:7546: gcc -c -g -O2  conftest.c >&5
configure:7549: $? = 0
configure:8299: checking for dlfcn.h
configure:8299: gcc -c -g -O2  conftest.c >&5
configure:8299: $? = 0
configure:8299: result: yes
configure:8317: checking whether byte ordering is bigendian
configure:8332: gcc -c -g -O2  conftest.c >&5
conftest.c:26:9: error: unknown type name 'not'
         not a universal capable compiler
         ^~~
conftest.c:26:15: error: expected '=', ',', ';', 'asm' or '__attribute__' before 'universal'
         not a universal capable compiler
               ^~~~~~~~~
conftest.c:26:15: error: unknown type name 'universal'
configure:8332: $? = 1
configure: failed program was:
| /* confdefs.h */
| #define PACKAGE_NAME ""
| #define PACKAGE_TARNAME ""
| #define PACKAGE_VERSION ""
| #define PACKAGE_STRING ""
| #define PACKAGE_BUGREPORT ""
| #define PACKAGE_URL ""
| #define STDC_HEADERS 1
| #define HAVE_SYS_TYPES_H 1
| #define HAVE_SYS_STAT_H 1
| #define HAVE_STDLIB_H 1
| #define HAVE_STRING_H 1
| #define HAVE_MEMORY_H 1
| #define HAVE_STRINGS_H 1
| #define HAVE_INTTYPES_H 1
| #define HAVE_STDINT_H 1
| #define HAVE_UNISTD_H 1
| #define __EXTENSIONS__ 1
| #define _ALL_SOURCE 1
| #define _GNU_SOURCE 1
| #define _POSIX_PTHREAD_SEMANTICS 1
| #define _TANDEM_SOURCE 1
| #define HAVE_DLFCN_H 1
| /* end confdefs.h.  */
| #ifndef __APPLE_CC__
| 	       not a universal capable compiler
| 	     #endif
| 	     typedef int dummy;
| 
configure:8377: gcc -c -g -O2  conftest.c >&5
configure:8377: $? = 0
configure:8395: gcc -c -g -O2  conftest.c >&5
conftest.c: In function 'main':
conftest.c:32:4: error: unknown type name 'not'; did you mean 'ino_t'?
    not big endian
    ^~~
    ino_t
conftest.c:32:12: error: expected '=', ',', ';', 'asm' or '__attribute__' before 'endian'
    not big endian
            ^~~~~~
configure:8395: $? = 1
configure: failed program was:
| /* confdefs.h */
| #define PACKAGE_NAME ""
| #define PACKAGE_TARNAME ""
| #define PACKAGE_VERSION ""
| #define PACKAGE_STRING ""
| #define PACKAGE_BUGREPORT ""
| #define PACKAGE_URL ""
| #define STDC_HEADERS 1
| #define HAVE_SYS_TYPES_H 1
| #define HAVE_SYS_STAT_H 1
| #define HAVE_STDLIB_H 1
| #define HAVE_STRING_H 1
| #define HAVE_MEMORY_H 1
| #define HAVE_STRINGS_H 1
| #define HAVE_INTTYPES_H 1
| #define HAVE_STDINT_H 1
| #define HAVE_UNISTD_H 1
| #define __EXTENSIONS__ 1
| #define _ALL_SOURCE 1
| #define _GNU_SOURCE 1
| #define _POSIX_PTHREAD_SEMANTICS 1
| #define _TANDEM_SOURCE 1
| #define HAVE_DLFCN_H 1
| /* end confdefs.h.  */
| #include <sys/types.h>
| 		#include <sys/param.h>
| 
| int
| main ()
| {
| #if BYTE_ORDER != BIG_ENDIAN
| 		 not big endian
| 		#endif
| 
|   ;
|   return 0;
| }
configure:8523: result: no
configure:8561: checking for x86_64-pc-linux-gnu-ranlib
configure:8588: result: ranlib
configure:8669: checking dependency style of gcc
configure:8700: trying gcc3
| depmode=gcc3 source=sub/conftest.c object=sub/conftest.o depfile=sub/conftest.Po tmpdepfile=sub/conftest.TPo /bin/bash ./depcomp gcc -c -o sub/conftest.o sub/conftest.c
configure:8739: success
configure:8754: result: gcc3
configure:8768: checking for make
configure:8795: result: make
configure:8835: checking whether NLS is requested
configure:8841: result: yes
configure:8847: checking for catalogs to be installed
configure:8879: result: 
configure:8899: checking for stdlib.h
configure:8899: result: yes
configure:8899: checking for string.h
configure:8899: result: yes
configure:8899: checking for strings.h
configure:8899: result: yes
configure:8899: checking for unistd.h
configure:8899: result: yes
configure:8899: checking time.h usability
configure:8899: gcc -c -g -O2  conftest.c >&5
configure:8899: $? = 0
configure:8899: result: yes
configure:8899: checking time.h presence
configure:8899: gcc -E  conftest.c
configure:8899: $? = 0
configure:8899: result: yes
configure:8899: checking for time.h
configure:8899: result: yes
configure:8912: checking sys/time.h usability
configure:8912: gcc -c -g -O2  conftest.c >&5
configure:8912: $? = 0
configure:8912: result: yes
configure:8912: checking sys/time.h presence
configure:8912: gcc -E  conftest.c
configure:8912: $? = 0
configure:8912: result: yes
configure:8912: checking for sys/time.h
configure:8912: result: yes
configure:8912: checking sys/times.h usability
configure:8912: gcc -c -g -O2  conftest.c >&5
configure:8912: $? = 0
configure:8912: result: yes
configure:8912: checking sys/times.h presence
configure:8912: gcc -E  conftest.c
configure:8912: $? = 0
configure:8912: result: yes
configure:8912: checking for sys/times.h
configure:8912: result: yes
configure:8912: checking sys/resource.h usability
configure:8912: gcc -c -g -O2  conftest.c >&5
configure:8912: $? = 0
configure:8912: result: yes
configure:8912: checking sys/resource.h presence
configure:8912: gcc -E  conftest.c
configure:8912: $? = 0
configure:8912: result: yes
configure:8912: checking for sys/resource.h
configure:8912: result: yes
configure:8912: checking sys/mman.h usability
configure:8912: gcc -c -g -O2  conftest.c >&5
configure:8912: $? = 0
configure:8912: result: yes
configure:8912: checking sys/mman.h presence
configure:8912: gcc -E  conftest.c
configure:8912: $? = 0
configure:8912: result: yes
configure:8912: checking for sys/mman.h
configure:8912: result: yes
configure:8925: checking fcntl.h usability
configure:8925: gcc -c -g -O2  conftest.c >&5
configure:8925: $? = 0
configure:8925: result: yes
configure:8925: checking fcntl.h presence
configure:8925: gcc -E  conftest.c
configure:8925: $? = 0
configure:8925: result: yes
configure:8925: checking for fcntl.h
configure:8925: result: yes
configure:8925: checking fpu_control.h usability
configure:8925: gcc -c -g -O2  conftest.c >&5
configure:8925: $? = 0
configure:8925: result: yes
configure:8925: checking fpu_control.h presence
configure:8925: gcc -E  conftest.c
configure:8925: $? = 0
configure:8925: result: yes
configure:8925: checking for fpu_control.h
configure:8925: result: yes
configure:8938: checking for dlfcn.h
configure:8938: result: yes
configure:8938: checking errno.h usability
configure:8938: gcc -c -g -O2  conftest.c >&5
configure:8938: $? = 0
configure:8938: result: yes
configure:8938: checking errno.h presence
configure:8938: gcc -E  conftest.c
configure:8938: $? = 0
configure:8938: result: yes
configure:8938: checking for errno.h
configure:8938: result: yes
configure:8938: checking for sys/stat.h
configure:8938: result: yes
configure:8951: checking for getrusage
configure:8951: gcc -o conftest -g -O2  -static-libstdc++ -static-libgcc  conftest.c  >&5
configure:8951: $? = 0
configure:8951: result: yes
configure:8951: checking for time
configure:8951: gcc -o conftest -g -O2  -static-libstdc++ -static-libgcc  conftest.c  >&5
configure:8951: $? = 0
configure:8951: result: yes
configure:8951: checking for sigaction
configure:8951: gcc -o conftest -g -O2  -static-libstdc++ -static-libgcc  conftest.c  >&5
configure:8951: $? = 0
configure:8951: result: yes
configure:8951: checking for __setfpucw
configure:8951: gcc -o conftest -g -O2  -static-libstdc++ -static-libgcc  conftest.c  >&5
/tmp/ccHwuCGH.o: In function `main':
/home/sabrina/work/blinkhps/gdb-8.2/sim/arm/conftest.c:78: undefined reference to `__setfpucw'
collect2: error: ld returned 1 exit status
configure:8951: $? = 1
configure: failed program was:
| /* confdefs.h */
| #define PACKAGE_NAME ""
| #define PACKAGE_TARNAME ""
| #define PACKAGE_VERSION ""
| #define PACKAGE_STRING ""
| #define PACKAGE_BUGREPORT ""
| #define PACKAGE_URL ""
| #define STDC_HEADERS 1
| #define HAVE_SYS_TYPES_H 1
| #define HAVE_SYS_STAT_H 1
| #define HAVE_STDLIB_H 1
| #define HAVE_STRING_H 1
| #define HAVE_MEMORY_H 1
| #define HAVE_STRINGS_H 1
| #define HAVE_INTTYPES_H 1
| #define HAVE_STDINT_H 1
| #define HAVE_UNISTD_H 1
| #define __EXTENSIONS__ 1
| #define _ALL_SOURCE 1
| #define _GNU_SOURCE 1
| #define _POSIX_PTHREAD_SEMANTICS 1
| #define _TANDEM_SOURCE 1
| #define HAVE_DLFCN_H 1
| #define PACKAGE "sim"
| #define ENABLE_NLS 1
| #define HAVE_STDLIB_H 1
| #define HAVE_STRING_H 1
| #define HAVE_STRINGS_H 1
| #define HAVE_UNISTD_H 1
| #define HAVE_TIME_H 1
| #define HAVE_SYS_TIME_H 1
| #define HAVE_SYS_TIMES_H 1
| #define HAVE_SYS_RESOURCE_H 1
| #define HAVE_SYS_MMAN_H 1
| #define HAVE_FCNTL_H 1
| #define HAVE_FPU_CONTROL_H 1
| #define HAVE_DLFCN_H 1
| #define HAVE_ERRNO_H 1
| #define HAVE_SYS_STAT_H 1
| #define HAVE_GETRUSAGE 1
| #define HAVE_TIME 1
| #define HAVE_SIGACTION 1
| /* end confdefs.h.  */
| /* Define __setfpucw to an innocuous variant, in case <limits.h> declares __setfpucw.
|    For example, HP-UX 11i <limits.h> declares gettimeofday.  */
| #define __setfpucw innocuous___setfpucw
| 
| /* System header to define __stub macros and hopefully few prototypes,
|     which can conflict with char __setfpucw (); below.
|     Prefer <limits.h> to <assert.h> if __STDC__ is defined, since
|     <limits.h> exists even on freestanding compilers.  */
| 
| #ifdef __STDC__
| # include <limits.h>
| #else
| # include <assert.h>
| #endif
| 
| #undef __setfpucw
| 
| /* Override any GCC internal prototype to avoid an error.
|    Use char because int might match the return type of a GCC
|    builtin and then its argument prototype would still apply.  */
| #ifdef __cplusplus
| extern "C"
| #endif
| char __setfpucw ();
| /* The GNU C library defines this for functions which it implements
|     to always fail with ENOSYS.  Some functions are actually named
|     something starting with __ and the normal name is an alias.  */
| #if defined __stub___setfpucw || defined __stub_____setfpucw
| choke me
| #endif
| 
| int
| main ()
| {
| return __setfpucw ();
|   ;
|   return 0;
| }
configure:8951: result: no
configure:8963: checking for mmap
configure:8963: gcc -o conftest -g -O2  -static-libstdc++ -static-libgcc  conftest.c  >&5
configure:8963: $? = 0
configure:8963: result: yes
configure:8963: checking for munmap
configure:8963: gcc -o conftest -g -O2  -static-libstdc++ -static-libgcc  conftest.c  >&5
configure:8963: $? = 0
configure:8963: result: yes
configure:8963: checking for lstat
configure:8963: gcc -o conftest -g -O2  -static-libstdc++ -static-libgcc  conftest.c  >&5
configure:8963: $? = 0
configure:8963: result: yes
configure:8963: checking for truncate
configure:8963: gcc -o conftest -g -O2  -static-libstdc++ -static-libgcc  conftest.c  >&5
configure:8963: $? = 0
configure:8963: result: yes
configure:8963: checking for ftruncate
configure:8963: gcc -o conftest -g -O2  -static-libstdc++ -static-libgcc  conftest.c  >&5
configure:8963: $? = 0
configure:8963: result: yes
configure:8963: checking for posix_fallocate
configure:8963: gcc -o conftest -g -O2  -static-libstdc++ -static-libgcc  conftest.c  >&5
configure:8963: $? = 0
configure:8963: result: yes
configure:8972: checking for struct stat.st_dev
configure:8972: gcc -c -g -O2  conftest.c >&5
configure:8972: $? = 0
configure:8972: result: yes
configure:8987: checking for struct stat.st_ino
configure:8987: gcc -c -g -O2  conftest.c >&5
configure:8987: $? = 0
configure:8987: result: yes
configure:9002: checking for struct stat.st_mode
configure:9002: gcc -c -g -O2  conftest.c >&5
configure:9002: $? = 0
configure:9002: result: yes
configure:9017: checking for struct stat.st_nlink
configure:9017: gcc -c -g -O2  conftest.c >&5
configure:9017: $? = 0
configure:9017: result: yes
configure:9032: checking for struct stat.st_uid
configure:9032: gcc -c -g -O2  conftest.c >&5
configure:9032: $? = 0
configure:9032: result: yes
configure:9047: checking for struct stat.st_gid
configure:9047: gcc -c -g -O2  conftest.c >&5
configure:9047: $? = 0
configure:9047: result: yes
configure:9062: checking for struct stat.st_rdev
configure:9062: gcc -c -g -O2  conftest.c >&5
configure:9062: $? = 0
configure:9062: result: yes
configure:9077: checking for struct stat.st_size
configure:9077: gcc -c -g -O2  conftest.c >&5
configure:9077: $? = 0
configure:9077: result: yes
configure:9092: checking for struct stat.st_blksize
configure:9092: gcc -c -g -O2  conftest.c >&5
configure:9092: $? = 0
configure:9092: result: yes
configure:9107: checking for struct stat.st_blocks
configure:9107: gcc -c -g -O2  conftest.c >&5
configure:9107: $? = 0
configure:9107: result: yes
configure:9122: checking for struct stat.st_atime
configure:9122: gcc -c -g -O2  conftest.c >&5
configure:9122: $? = 0
configure:9122: result: yes
configure:9137: checking for struct stat.st_mtime
configure:9137: gcc -c -g -O2  conftest.c >&5
configure:9137: $? = 0
configure:9137: result: yes
configure:9152: checking for struct stat.st_ctime
configure:9152: gcc -c -g -O2  conftest.c >&5
configure:9152: $? = 0
configure:9152: result: yes
configure:9168: checking for socklen_t
configure:9168: gcc -c -g -O2  conftest.c >&5
configure:9168: $? = 0
configure:9168: gcc -c -g -O2  conftest.c >&5
conftest.c: In function 'main':
conftest.c:70:24: error: expected expression before ')' token
 if (sizeof ((socklen_t)))
                        ^
configure:9168: $? = 1
configure: failed program was:
| /* confdefs.h */
| #define PACKAGE_NAME ""
| #define PACKAGE_TARNAME ""
| #define PACKAGE_VERSION ""
| #define PACKAGE_STRING ""
| #define PACKAGE_BUGREPORT ""
| #define PACKAGE_URL ""
| #define STDC_HEADERS 1
| #define HAVE_SYS_TYPES_H 1
| #define HAVE_SYS_STAT_H 1
| #define HAVE_STDLIB_H 1
| #define HAVE_STRING_H 1
| #define HAVE_MEMORY_H 1
| #define HAVE_STRINGS_H 1
| #define HAVE_INTTYPES_H 1
| #define HAVE_STDINT_H 1
| #define HAVE_UNISTD_H 1
| #define __EXTENSIONS__ 1
| #define _ALL_SOURCE 1
| #define _GNU_SOURCE 1
| #define _POSIX_PTHREAD_SEMANTICS 1
| #define _TANDEM_SOURCE 1
| #define HAVE_DLFCN_H 1
| #define PACKAGE "sim"
| #define ENABLE_NLS 1
| #define HAVE_STDLIB_H 1
| #define HAVE_STRING_H 1
| #define HAVE_STRINGS_H 1
| #define HAVE_UNISTD_H 1
| #define HAVE_TIME_H 1
| #define HAVE_SYS_TIME_H 1
| #define HAVE_SYS_TIMES_H 1
| #define HAVE_SYS_RESOURCE_H 1
| #define HAVE_SYS_MMAN_H 1
| #define HAVE_FCNTL_H 1
| #define HAVE_FPU_CONTROL_H 1
| #define HAVE_DLFCN_H 1
| #define HAVE_ERRNO_H 1
| #define HAVE_SYS_STAT_H 1
| #define HAVE_GETRUSAGE 1
| #define HAVE_TIME 1
| #define HAVE_SIGACTION 1
| #define HAVE_MMAP 1
| #define HAVE_MUNMAP 1
| #define HAVE_LSTAT 1
| #define HAVE_TRUNCATE 1
| #define HAVE_FTRUNCATE 1
| #define HAVE_POSIX_FALLOCATE 1
| #define HAVE_STRUCT_STAT_ST_DEV 1
| #define HAVE_STRUCT_STAT_ST_INO 1
| #define HAVE_STRUCT_STAT_ST_MODE 1
| #define HAVE_STRUCT_STAT_ST_NLINK 1
| #define HAVE_STRUCT_STAT_ST_UID 1
| #define HAVE_STRUCT_STAT_ST_GID 1
| #define HAVE_STRUCT_STAT_ST_RDEV 1
| #define HAVE_STRUCT_STAT_ST_SIZE 1
| #define HAVE_STRUCT_STAT_ST_BLKSIZE 1
| #define HAVE_STRUCT_STAT_ST_BLOCKS 1
| #define HAVE_STRUCT_STAT_ST_ATIME 1
| #define HAVE_STRUCT_STAT_ST_MTIME 1
| #define HAVE_STRUCT_STAT_ST_CTIME 1
| /* end confdefs.h.  */
| #include <sys/types.h>
| #include <sys/socket.h>
| 
| 
| int
| main ()
| {
| if (sizeof ((socklen_t)))
| 	    return 0;
|   ;
|   return 0;
| }
configure:9168: result: yes
configure:9183: checking for bind in -lsocket
configure:9208: gcc -o conftest -g -O2  -static-libstdc++ -static-libgcc  conftest.c -lsocket   >&5
/usr/bin/x86_64-linux-gnu-ld: cannot find -lsocket
collect2: error: ld returned 1 exit status
configure:9208: $? = 1
configure: failed program was:
| /* confdefs.h */
| #define PACKAGE_NAME ""
| #define PACKAGE_TARNAME ""
| #define PACKAGE_VERSION ""
| #define PACKAGE_STRING ""
| #define PACKAGE_BUGREPORT ""
| #define PACKAGE_URL ""
| #define STDC_HEADERS 1
| #define HAVE_SYS_TYPES_H 1
| #define HAVE_SYS_STAT_H 1
| #define HAVE_STDLIB_H 1
| #define HAVE_STRING_H 1
| #define HAVE_MEMORY_H 1
| #define HAVE_STRINGS_H 1
| #define HAVE_INTTYPES_H 1
| #define HAVE_STDINT_H 1
| #define HAVE_UNISTD_H 1
| #define __EXTENSIONS__ 1
| #define _ALL_SOURCE 1
| #define _GNU_SOURCE 1
| #define _POSIX_PTHREAD_SEMANTICS 1
| #define _TANDEM_SOURCE 1
| #define HAVE_DLFCN_H 1
| #define PACKAGE "sim"
| #define ENABLE_NLS 1
| #define HAVE_STDLIB_H 1
| #define HAVE_STRING_H 1
| #define HAVE_STRINGS_H 1
| #define HAVE_UNISTD_H 1
| #define HAVE_TIME_H 1
| #define HAVE_SYS_TIME_H 1
| #define HAVE_SYS_TIMES_H 1
| #define HAVE_SYS_RESOURCE_H 1
| #define HAVE_SYS_MMAN_H 1
| #define HAVE_FCNTL_H 1
| #define HAVE_FPU_CONTROL_H 1
| #define HAVE_DLFCN_H 1
| #define HAVE_ERRNO_H 1
| #define HAVE_SYS_STAT_H 1
| #define HAVE_GETRUSAGE 1
| #define HAVE_TIME 1
| #define HAVE_SIGACTION 1
| #define HAVE_MMAP 1
| #define HAVE_MUNMAP 1
| #define HAVE_LSTAT 1
| #define HAVE_TRUNCATE 1
| #define HAVE_FTRUNCATE 1
| #define HAVE_POSIX_FALLOCATE 1
| #define HAVE_STRUCT_STAT_ST_DEV 1
| #define HAVE_STRUCT_STAT_ST_INO 1
| #define HAVE_STRUCT_STAT_ST_MODE 1
| #define HAVE_STRUCT_STAT_ST_NLINK 1
| #define HAVE_STRUCT_STAT_ST_UID 1
| #define HAVE_STRUCT_STAT_ST_GID 1
| #define HAVE_STRUCT_STAT_ST_RDEV 1
| #define HAVE_STRUCT_STAT_ST_SIZE 1
| #define HAVE_STRUCT_STAT_ST_BLKSIZE 1
| #define HAVE_STRUCT_STAT_ST_BLOCKS 1
| #define HAVE_STRUCT_STAT_ST_ATIME 1
| #define HAVE_STRUCT_STAT_ST_MTIME 1
| #define HAVE_STRUCT_STAT_ST_CTIME 1
| #define HAVE_SOCKLEN_T 1
| /* end confdefs.h.  */
| 
| /* Override any GCC internal prototype to avoid an error.
|    Use char because int might match the return type of a GCC
|    builtin and then its argument prototype would still apply.  */
| #ifdef __cplusplus
| extern "C"
| #endif
| char bind ();
| int
| main ()
| {
| return bind ();
|   ;
|   return 0;
| }
configure:9217: result: no
configure:9228: checking for gethostbyname in -lnsl
configure:9253: gcc -o conftest -g -O2  -static-libstdc++ -static-libgcc  conftest.c -lnsl   >&5
configure:9253: $? = 0
configure:9262: result: yes
configure:9299: checking for dlfcn.h
configure:9299: result: yes
configure:9312: checking for windows.h
configure:9312: gcc -c -g -O2  conftest.c >&5
conftest.c:100:10: fatal error: windows.h: No such file or directory
 #include <windows.h>
          ^~~~~~~~~~~
compilation terminated.
configure:9312: $? = 1
configure: failed program was:
| /* confdefs.h */
| #define PACKAGE_NAME ""
| #define PACKAGE_TARNAME ""
| #define PACKAGE_VERSION ""
| #define PACKAGE_STRING ""
| #define PACKAGE_BUGREPORT ""
| #define PACKAGE_URL ""
| #define STDC_HEADERS 1
| #define HAVE_SYS_TYPES_H 1
| #define HAVE_SYS_STAT_H 1
| #define HAVE_STDLIB_H 1
| #define HAVE_STRING_H 1
| #define HAVE_MEMORY_H 1
| #define HAVE_STRINGS_H 1
| #define HAVE_INTTYPES_H 1
| #define HAVE_STDINT_H 1
| #define HAVE_UNISTD_H 1
| #define __EXTENSIONS__ 1
| #define _ALL_SOURCE 1
| #define _GNU_SOURCE 1
| #define _POSIX_PTHREAD_SEMANTICS 1
| #define _TANDEM_SOURCE 1
| #define HAVE_DLFCN_H 1
| #define PACKAGE "sim"
| #define ENABLE_NLS 1
| #define HAVE_STDLIB_H 1
| #define HAVE_STRING_H 1
| #define HAVE_STRINGS_H 1
| #define HAVE_UNISTD_H 1
| #define HAVE_TIME_H 1
| #define HAVE_SYS_TIME_H 1
| #define HAVE_SYS_TIMES_H 1
| #define HAVE_SYS_RESOURCE_H 1
| #define HAVE_SYS_MMAN_H 1
| #define HAVE_FCNTL_H 1
| #define HAVE_FPU_CONTROL_H 1
| #define HAVE_DLFCN_H 1
| #define HAVE_ERRNO_H 1
| #define HAVE_SYS_STAT_H 1
| #define HAVE_GETRUSAGE 1
| #define HAVE_TIME 1
| #define HAVE_SIGACTION 1
| #define HAVE_MMAP 1
| #define HAVE_MUNMAP 1
| #define HAVE_LSTAT 1
| #define HAVE_TRUNCATE 1
| #define HAVE_FTRUNCATE 1
| #define HAVE_POSIX_FALLOCATE 1
| #define HAVE_STRUCT_STAT_ST_DEV 1
| #define HAVE_STRUCT_STAT_ST_INO 1
| #define HAVE_STRUCT_STAT_ST_MODE 1
| #define HAVE_STRUCT_STAT_ST_NLINK 1
| #define HAVE_STRUCT_STAT_ST_UID 1
| #define HAVE_STRUCT_STAT_ST_GID 1
| #define HAVE_STRUCT_STAT_ST_RDEV 1
| #define HAVE_STRUCT_STAT_ST_SIZE 1
| #define HAVE_STRUCT_STAT_ST_BLKSIZE 1
| #define HAVE_STRUCT_STAT_ST_BLOCKS 1
| #define HAVE_STRUCT_STAT_ST_ATIME 1
| #define HAVE_STRUCT_STAT_ST_MTIME 1
| #define HAVE_STRUCT_STAT_ST_CTIME 1
| #define HAVE_SOCKLEN_T 1
| #define HAVE_LIBNSL 1
| #define HAVE_DLFCN_H 1
| /* end confdefs.h.  */
| #include <stdio.h>
| #ifdef HAVE_SYS_TYPES_H
| # include <sys/types.h>
| #endif
| #ifdef HAVE_SYS_STAT_H
| # include <sys/stat.h>
| #endif
| #ifdef STDC_HEADERS
| # include <stdlib.h>
| # include <stddef.h>
| #else
| # ifdef HAVE_STDLIB_H
| #  include <stdlib.h>
| # endif
| #endif
| #ifdef HAVE_STRING_H
| # if !defined STDC_HEADERS && defined HAVE_MEMORY_H
| #  include <memory.h>
| # endif
| # include <string.h>
| #endif
| #ifdef HAVE_STRINGS_H
| # include <strings.h>
| #endif
| #ifdef HAVE_INTTYPES_H
| # include <inttypes.h>
| #endif
| #ifdef HAVE_STDINT_H
| # include <stdint.h>
| #endif
| #ifdef HAVE_UNISTD_H
| # include <unistd.h>
| #endif
| 
| #include <windows.h>
configure:9312: result: no
configure:9339: checking for library containing dlsym
configure:9370: gcc -o conftest -g -O2  -static-libstdc++ -static-libgcc  conftest.c -lnsl  >&5
/tmp/ccc32bnN.o: In function `main':
/home/sabrina/work/blinkhps/gdb-8.2/sim/arm/conftest.c:77: undefined reference to `dlsym'
collect2: error: ld returned 1 exit status
configure:9370: $? = 1
configure: failed program was:
| /* confdefs.h */
| #define PACKAGE_NAME ""
| #define PACKAGE_TARNAME ""
| #define PACKAGE_VERSION ""
| #define PACKAGE_STRING ""
| #define PACKAGE_BUGREPORT ""
| #define PACKAGE_URL ""
| #define STDC_HEADERS 1
| #define HAVE_SYS_TYPES_H 1
| #define HAVE_SYS_STAT_H 1
| #define HAVE_STDLIB_H 1
| #define HAVE_STRING_H 1
| #define HAVE_MEMORY_H 1
| #define HAVE_STRINGS_H 1
| #define HAVE_INTTYPES_H 1
| #define HAVE_STDINT_H 1
| #define HAVE_UNISTD_H 1
| #define __EXTENSIONS__ 1
| #define _ALL_SOURCE 1
| #define _GNU_SOURCE 1
| #define _POSIX_PTHREAD_SEMANTICS 1
| #define _TANDEM_SOURCE 1
| #define HAVE_DLFCN_H 1
| #define PACKAGE "sim"
| #define ENABLE_NLS 1
| #define HAVE_STDLIB_H 1
| #define HAVE_STRING_H 1
| #define HAVE_STRINGS_H 1
| #define HAVE_UNISTD_H 1
| #define HAVE_TIME_H 1
| #define HAVE_SYS_TIME_H 1
| #define HAVE_SYS_TIMES_H 1
| #define HAVE_SYS_RESOURCE_H 1
| #define HAVE_SYS_MMAN_H 1
| #define HAVE_FCNTL_H 1
| #define HAVE_FPU_CONTROL_H 1
| #define HAVE_DLFCN_H 1
| #define HAVE_ERRNO_H 1
| #define HAVE_SYS_STAT_H 1
| #define HAVE_GETRUSAGE 1
| #define HAVE_TIME 1
| #define HAVE_SIGACTION 1
| #define HAVE_MMAP 1
| #define HAVE_MUNMAP 1
| #define HAVE_LSTAT 1
| #define HAVE_TRUNCATE 1
| #define HAVE_FTRUNCATE 1
| #define HAVE_POSIX_FALLOCATE 1
| #define HAVE_STRUCT_STAT_ST_DEV 1
| #define HAVE_STRUCT_STAT_ST_INO 1
| #define HAVE_STRUCT_STAT_ST_MODE 1
| #define HAVE_STRUCT_STAT_ST_NLINK 1
| #define HAVE_STRUCT_STAT_ST_UID 1
| #define HAVE_STRUCT_STAT_ST_GID 1
| #define HAVE_STRUCT_STAT_ST_RDEV 1
| #define HAVE_STRUCT_STAT_ST_SIZE 1
| #define HAVE_STRUCT_STAT_ST_BLKSIZE 1
| #define HAVE_STRUCT_STAT_ST_BLOCKS 1
| #define HAVE_STRUCT_STAT_ST_ATIME 1
| #define HAVE_STRUCT_STAT_ST_MTIME 1
| #define HAVE_STRUCT_STAT_ST_CTIME 1
| #define HAVE_SOCKLEN_T 1
| #define HAVE_LIBNSL 1
| #define HAVE_DLFCN_H 1
| /* end confdefs.h.  */
| 
| /* Override any GCC internal prototype to avoid an error.
|    Use char because int might match the return type of a GCC
|    builtin and then its argument prototype would still apply.  */
| #ifdef __cplusplus
| extern "C"
| #endif
| char dlsym ();
| int
| main ()
| {
| return dlsym ();
|   ;
|   return 0;
| }
configure:9370: gcc -o conftest -g -O2  -static-libstdc++ -static-libgcc  conftest.c -ldl  -lnsl  >&5
configure:9370: $? = 0
configure:9387: result: -ldl
configure:9580: checking for objdir
configure:9595: result: .libs
configure:9866: checking if gcc supports -fno-rtti -fno-exceptions
configure:9884: gcc -c -g -O2  -fno-rtti -fno-exceptions conftest.c >&5
cc1: warning: command line option '-fno-rtti' is valid for C++/ObjC++ but not for C
configure:9888: $? = 0
configure:9901: result: no
configure:9921: checking for gcc option to produce PIC
configure:10207: result: -fPIC -DPIC
configure:10219: checking if gcc PIC flag -fPIC -DPIC works
configure:10237: gcc -c -g -O2  -fPIC -DPIC -DPIC conftest.c >&5
configure:10241: $? = 0
configure:10254: result: yes
configure:10278: checking if gcc static flag -static works
configure:10306: result: yes
configure:10321: checking if gcc supports -c -o file.o
configure:10342: gcc -c -g -O2  -o out/conftest2.o conftest.c >&5
configure:10346: $? = 0
configure:10368: result: yes
configure:10376: checking if gcc supports -c -o file.o
configure:10423: result: yes
configure:10456: checking whether the gcc linker (/usr/bin/x86_64-linux-gnu-ld -m elf_x86_64) supports shared libraries
configure:11527: result: yes
configure:11564: checking whether -lc should be explicitly linked in
configure:11572: gcc -c -g -O2  conftest.c >&5
configure:11575: $? = 0
configure:11590: gcc -shared  -fPIC -DPIC conftest.o  -v -Wl,-soname -Wl,conftest -o conftest 2\>\&1 \| /bin/grep  -lc  \>/dev/null 2\>\&1
configure:11593: $? = 0
configure:11607: result: no
configure:11772: checking dynamic linker characteristics
configure:12223: gcc -o conftest -g -O2  -static-libstdc++ -static-libgcc  -Wl,-rpath -Wl,/foo conftest.c -ldl -lnsl  >&5
configure:12223: $? = 0
configure:12445: result: GNU/Linux ld.so
configure:12552: checking how to hardcode library paths into programs
configure:12577: result: immediate
configure:12671: checking for shl_load
configure:12671: gcc -o conftest -g -O2  -static-libstdc++ -static-libgcc  conftest.c -ldl -lnsl  >&5
/tmp/cc3SEpop.o: In function `main':
/home/sabrina/work/blinkhps/gdb-8.2/sim/arm/conftest.c:101: undefined reference to `shl_load'
collect2: error: ld returned 1 exit status
configure:12671: $? = 1
configure: failed program was:
| /* confdefs.h */
| #define PACKAGE_NAME ""
| #define PACKAGE_TARNAME ""
| #define PACKAGE_VERSION ""
| #define PACKAGE_STRING ""
| #define PACKAGE_BUGREPORT ""
| #define PACKAGE_URL ""
| #define STDC_HEADERS 1
| #define HAVE_SYS_TYPES_H 1
| #define HAVE_SYS_STAT_H 1
| #define HAVE_STDLIB_H 1
| #define HAVE_STRING_H 1
| #define HAVE_MEMORY_H 1
| #define HAVE_STRINGS_H 1
| #define HAVE_INTTYPES_H 1
| #define HAVE_STDINT_H 1
| #define HAVE_UNISTD_H 1
| #define __EXTENSIONS__ 1
| #define _ALL_SOURCE 1
| #define _GNU_SOURCE 1
| #define _POSIX_PTHREAD_SEMANTICS 1
| #define _TANDEM_SOURCE 1
| #define HAVE_DLFCN_H 1
| #define PACKAGE "sim"
| #define ENABLE_NLS 1
| #define HAVE_STDLIB_H 1
| #define HAVE_STRING_H 1
| #define HAVE_STRINGS_H 1
| #define HAVE_UNISTD_H 1
| #define HAVE_TIME_H 1
| #define HAVE_SYS_TIME_H 1
| #define HAVE_SYS_TIMES_H 1
| #define HAVE_SYS_RESOURCE_H 1
| #define HAVE_SYS_MMAN_H 1
| #define HAVE_FCNTL_H 1
| #define HAVE_FPU_CONTROL_H 1
| #define HAVE_DLFCN_H 1
| #define HAVE_ERRNO_H 1
| #define HAVE_SYS_STAT_H 1
| #define HAVE_GETRUSAGE 1
| #define HAVE_TIME 1
| #define HAVE_SIGACTION 1
| #define HAVE_MMAP 1
| #define HAVE_MUNMAP 1
| #define HAVE_LSTAT 1
| #define HAVE_TRUNCATE 1
| #define HAVE_FTRUNCATE 1
| #define HAVE_POSIX_FALLOCATE 1
| #define HAVE_STRUCT_STAT_ST_DEV 1
| #define HAVE_STRUCT_STAT_ST_INO 1
| #define HAVE_STRUCT_STAT_ST_MODE 1
| #define HAVE_STRUCT_STAT_ST_NLINK 1
| #define HAVE_STRUCT_STAT_ST_UID 1
| #define HAVE_STRUCT_STAT_ST_GID 1
| #define HAVE_STRUCT_STAT_ST_RDEV 1
| #define HAVE_STRUCT_STAT_ST_SIZE 1
| #define HAVE_STRUCT_STAT_ST_BLKSIZE 1
| #define HAVE_STRUCT_STAT_ST_BLOCKS 1
| #define HAVE_STRUCT_STAT_ST_ATIME 1
| #define HAVE_STRUCT_STAT_ST_MTIME 1
| #define HAVE_STRUCT_STAT_ST_CTIME 1
| #define HAVE_SOCKLEN_T 1
| #define HAVE_LIBNSL 1
| #define HAVE_DLFCN_H 1
| #define LT_OBJDIR ".libs/"
| /* end confdefs.h.  */
| /* Define shl_load to an innocuous variant, in case <limits.h> declares shl_load.
|    For example, HP-UX 11i <limits.h> declares gettimeofday.  */
| #define shl_load innocuous_shl_load
| 
| /* System header to define __stub macros and hopefully few prototypes,
|     which can conflict with char shl_load (); below.
|     Prefer <limits.h> to <assert.h> if __STDC__ is defined, since
|     <limits.h> exists even on freestanding compilers.  */
| 
| #ifdef __STDC__
| # include <limits.h>
| #else
| # include <assert.h>
| #endif
| 
| #undef shl_load
| 
| /* Override any GCC internal prototype to avoid an error.
|    Use char because int might match the return type of a GCC
|    builtin and then its argument prototype would still apply.  */
| #ifdef __cplusplus
| extern "C"
| #endif
| char shl_load ();
| /* The GNU C library defines this for functions which it implements
|     to always fail with ENOSYS.  Some functions are actually named
|     something starting with __ and the normal name is an alias.  */
| #if defined __stub_shl_load || defined __stub___shl_load
| choke me
| #endif
| 
| int
| main ()
| {
| return shl_load ();
|   ;
|   return 0;
| }
configure:12671: result: no
configure:12675: checking for shl_load in -ldld
configure:12700: gcc -o conftest -g -O2  -static-libstdc++ -static-libgcc  conftest.c -ldld  -ldl -lnsl  >&5
/usr/bin/x86_64-linux-gnu-ld: cannot find -ldld
collect2: error: ld returned 1 exit status
configure:12700: $? = 1
configure: failed program was:
| /* confdefs.h */
| #define PACKAGE_NAME ""
| #define PACKAGE_TARNAME ""
| #define PACKAGE_VERSION ""
| #define PACKAGE_STRING ""
| #define PACKAGE_BUGREPORT ""
| #define PACKAGE_URL ""
| #define STDC_HEADERS 1
| #define HAVE_SYS_TYPES_H 1
| #define HAVE_SYS_STAT_H 1
| #define HAVE_STDLIB_H 1
| #define HAVE_STRING_H 1
| #define HAVE_MEMORY_H 1
| #define HAVE_STRINGS_H 1
| #define HAVE_INTTYPES_H 1
| #define HAVE_STDINT_H 1
| #define HAVE_UNISTD_H 1
| #define __EXTENSIONS__ 1
| #define _ALL_SOURCE 1
| #define _GNU_SOURCE 1
| #define _POSIX_PTHREAD_SEMANTICS 1
| #define _TANDEM_SOURCE 1
| #define HAVE_DLFCN_H 1
| #define PACKAGE "sim"
| #define ENABLE_NLS 1
| #define HAVE_STDLIB_H 1
| #define HAVE_STRING_H 1
| #define HAVE_STRINGS_H 1
| #define HAVE_UNISTD_H 1
| #define HAVE_TIME_H 1
| #define HAVE_SYS_TIME_H 1
| #define HAVE_SYS_TIMES_H 1
| #define HAVE_SYS_RESOURCE_H 1
| #define HAVE_SYS_MMAN_H 1
| #define HAVE_FCNTL_H 1
| #define HAVE_FPU_CONTROL_H 1
| #define HAVE_DLFCN_H 1
| #define HAVE_ERRNO_H 1
| #define HAVE_SYS_STAT_H 1
| #define HAVE_GETRUSAGE 1
| #define HAVE_TIME 1
| #define HAVE_SIGACTION 1
| #define HAVE_MMAP 1
| #define HAVE_MUNMAP 1
| #define HAVE_LSTAT 1
| #define HAVE_TRUNCATE 1
| #define HAVE_FTRUNCATE 1
| #define HAVE_POSIX_FALLOCATE 1
| #define HAVE_STRUCT_STAT_ST_DEV 1
| #define HAVE_STRUCT_STAT_ST_INO 1
| #define HAVE_STRUCT_STAT_ST_MODE 1
| #define HAVE_STRUCT_STAT_ST_NLINK 1
| #define HAVE_STRUCT_STAT_ST_UID 1
| #define HAVE_STRUCT_STAT_ST_GID 1
| #define HAVE_STRUCT_STAT_ST_RDEV 1
| #define HAVE_STRUCT_STAT_ST_SIZE 1
| #define HAVE_STRUCT_STAT_ST_BLKSIZE 1
| #define HAVE_STRUCT_STAT_ST_BLOCKS 1
| #define HAVE_STRUCT_STAT_ST_ATIME 1
| #define HAVE_STRUCT_STAT_ST_MTIME 1
| #define HAVE_STRUCT_STAT_ST_CTIME 1
| #define HAVE_SOCKLEN_T 1
| #define HAVE_LIBNSL 1
| #define HAVE_DLFCN_H 1
| #define LT_OBJDIR ".libs/"
| /* end confdefs.h.  */
| 
| /* Override any GCC internal prototype to avoid an error.
|    Use char because int might match the return type of a GCC
|    builtin and then its argument prototype would still apply.  */
| #ifdef __cplusplus
| extern "C"
| #endif
| char shl_load ();
| int
| main ()
| {
| return shl_load ();
|   ;
|   return 0;
| }
configure:12709: result: no
configure:12714: checking for dlopen
configure:12714: gcc -o conftest -g -O2  -static-libstdc++ -static-libgcc  conftest.c -ldl -lnsl  >&5
configure:12714: $? = 0
configure:12714: result: yes
configure:12871: checking whether a program can dlopen itself
configure:12951: gcc -o conftest -g -O2  -DHAVE_DLFCN_H -static-libstdc++ -static-libgcc  -Wl,--export-dynamic conftest.c  -ldl -lnsl  >&5
configure:12954: $? = 0
configure:12972: result: yes
configure:12977: checking whether a statically linked program can dlopen itself
configure:13057: gcc -o conftest -g -O2  -DHAVE_DLFCN_H -static-libstdc++ -static-libgcc  -Wl,--export-dynamic -static conftest.c  -ldl -lnsl  >&5
/tmp/ccQ8wlXK.o: In function `main':
/home/sabrina/work/blinkhps/gdb-8.2/sim/arm/configure:13037: warning: Using 'dlopen' in statically linked applications requires at runtime the shared libraries from the glibc version used for linking
configure:13060: $? = 0
conftest: undefined symbol: _fnord
configure:13078: result: no
configure:13117: checking whether stripping libraries is possible
configure:13122: result: yes
configure:13157: checking if libtool supports shared libraries
configure:13159: result: yes
configure:13162: checking whether to build shared libraries
configure:13183: result: yes
configure:13186: checking whether to build static libraries
configure:13190: result: yes
configure:13232: checking whether to enable maintainer-specific portions of Makefiles
configure:13241: result: no
configure:13256: checking for sim debug setting
configure:13279: result: 0
configure:13283: checking for sim stdio debug behavior
configure:13299: result: 0
configure:13303: checking for sim trace settings
configure:13330: result: ~TRACE_debug
configure:13334: checking for sim profile settings
configure:13368: result: -1
configure:13373: checking whether to enable sim asserts
configure:13389: result: 1
configure:13393: checking default sim environment setting
configure:13411: result: ALL_ENVIRONMENT
configure:13501: checking return type of signal handlers
configure:13519: gcc -c -g -O2  conftest.c >&5
conftest.c: In function 'main':
conftest.c:82:10: error: void value not ignored as it ought to be
 return *(signal (0, 0)) (0) == 1;
         ~^~~~~~~~~~~~~~~~~~
configure:13519: $? = 1
configure: failed program was:
| /* confdefs.h */
| #define PACKAGE_NAME ""
| #define PACKAGE_TARNAME ""
| #define PACKAGE_VERSION ""
| #define PACKAGE_STRING ""
| #define PACKAGE_BUGREPORT ""
| #define PACKAGE_URL ""
| #define STDC_HEADERS 1
| #define HAVE_SYS_TYPES_H 1
| #define HAVE_SYS_STAT_H 1
| #define HAVE_STDLIB_H 1
| #define HAVE_STRING_H 1
| #define HAVE_MEMORY_H 1
| #define HAVE_STRINGS_H 1
| #define HAVE_INTTYPES_H 1
| #define HAVE_STDINT_H 1
| #define HAVE_UNISTD_H 1
| #define __EXTENSIONS__ 1
| #define _ALL_SOURCE 1
| #define _GNU_SOURCE 1
| #define _POSIX_PTHREAD_SEMANTICS 1
| #define _TANDEM_SOURCE 1
| #define HAVE_DLFCN_H 1
| #define PACKAGE "sim"
| #define ENABLE_NLS 1
| #define HAVE_STDLIB_H 1
| #define HAVE_STRING_H 1
| #define HAVE_STRINGS_H 1
| #define HAVE_UNISTD_H 1
| #define HAVE_TIME_H 1
| #define HAVE_SYS_TIME_H 1
| #define HAVE_SYS_TIMES_H 1
| #define HAVE_SYS_RESOURCE_H 1
| #define HAVE_SYS_MMAN_H 1
| #define HAVE_FCNTL_H 1
| #define HAVE_FPU_CONTROL_H 1
| #define HAVE_DLFCN_H 1
| #define HAVE_ERRNO_H 1
| #define HAVE_SYS_STAT_H 1
| #define HAVE_GETRUSAGE 1
| #define HAVE_TIME 1
| #define HAVE_SIGACTION 1
| #define HAVE_MMAP 1
| #define HAVE_MUNMAP 1
| #define HAVE_LSTAT 1
| #define HAVE_TRUNCATE 1
| #define HAVE_FTRUNCATE 1
| #define HAVE_POSIX_FALLOCATE 1
| #define HAVE_STRUCT_STAT_ST_DEV 1
| #define HAVE_STRUCT_STAT_ST_INO 1
| #define HAVE_STRUCT_STAT_ST_MODE 1
| #define HAVE_STRUCT_STAT_ST_NLINK 1
| #define HAVE_STRUCT_STAT_ST_UID 1
| #define HAVE_STRUCT_STAT_ST_GID 1
| #define HAVE_STRUCT_STAT_ST_RDEV 1
| #define HAVE_STRUCT_STAT_ST_SIZE 1
| #define HAVE_STRUCT_STAT_ST_BLKSIZE 1
| #define HAVE_STRUCT_STAT_ST_BLOCKS 1
| #define HAVE_STRUCT_STAT_ST_ATIME 1
| #define HAVE_STRUCT_STAT_ST_MTIME 1
| #define HAVE_STRUCT_STAT_ST_CTIME 1
| #define HAVE_SOCKLEN_T 1
| #define HAVE_LIBNSL 1
| #define HAVE_DLFCN_H 1
| #define LT_OBJDIR ".libs/"
| #define WITH_DEBUG 0
| #define WITH_STDIO 0
| #define WITH_TRACE ~TRACE_debug
| #define PROFILE 1
| #define WITH_PROFILE -1
| #define WITH_ASSERT 1
| #define WITH_ENVIRONMENT ALL_ENVIRONMENT
| #define PKGVERSION "(SIM) "
| #define REPORT_BUGS_TO "<http://www.gnu.org/software/gdb/bugs/>"
| /* end confdefs.h.  */
| #include <sys/types.h>
| #include <signal.h>
| 
| int
| main ()
| {
| return *(signal (0, 0)) (0) == 1;
|   ;
|   return 0;
| }
configure:13526: result: void
configure:13700: checking compiler warning flags
configure:13721: gcc -c -g -O2 -Wall  conftest.c >&5
configure:13721: $? = 0
configure:13721: gcc -c -g -O2 -Wdeclaration-after-statement  conftest.c >&5
configure:13721: $? = 0
configure:13721: gcc -c -g -O2 -Wpointer-arith  conftest.c >&5
configure:13721: $? = 0
configure:13721: gcc -c -g -O2 -Wpointer-sign  conftest.c >&5
configure:13721: $? = 0
configure:13721: gcc -c -g -O2 -Wno-unused  conftest.c >&5
configure:13721: $? = 0
configure:13721: gcc -c -g -O2 -Wunused-value  conftest.c >&5
configure:13721: $? = 0
configure:13721: gcc -c -g -O2 -Wunused-function  conftest.c >&5
configure:13721: $? = 0
configure:13721: gcc -c -g -O2 -Wno-switch  conftest.c >&5
configure:13721: $? = 0
configure:13721: gcc -c -g -O2 -Wno-char-subscripts  conftest.c >&5
configure:13721: $? = 0
configure:13721: gcc -c -g -O2 -Wmissing-prototypes  conftest.c >&5
configure:13721: $? = 0
configure:13721: gcc -c -g -O2 -Wdeclaration-after-statement  conftest.c >&5
configure:13721: $? = 0
configure:13721: gcc -c -g -O2 -Wempty-body  conftest.c >&5
configure:13721: $? = 0
configure:13721: gcc -c -g -O2 -Wmissing-parameter-type  conftest.c >&5
configure:13721: $? = 0
configure:13721: gcc -c -g -O2 -Wold-style-declaration  conftest.c >&5
configure:13721: $? = 0
configure:13721: gcc -c -g -O2 -Wold-style-definition  conftest.c >&5
conftest.c: In function 'main':
conftest.c:79:1: warning: old-style function definition [-Wold-style-definition]
 main ()
 ^~~~
configure:13721: $? = 0
configure:13721: gcc -c -g -O2 -Wformat-nonliteral  conftest.c >&5
configure:13721: $? = 0
configure:13728: result:  -Wall -Wdeclaration-after-statement -Wpointer-arith -Wpointer-sign -Wno-unused -Wunused-value -Wunused-function -Wno-switch -Wno-char-subscripts -Wmissing-prototypes -Wdeclaration-after-statement -Wempty-body -Wmissing-parameter-type -Wold-style-declaration -Wold-style-definition -Wformat-nonliteral 
configure:13814: updating cache .././config.cache
configure:13876: creating ./config.status

## ---------------------- ##
## Running config.status. ##
## ---------------------- ##

This file was extended by config.status, which was
generated by GNU Autoconf 2.69.  Invocation command line was

  CONFIG_FILES    = 
  CONFIG_HEADERS  = 
  CONFIG_LINKS    = 
  CONFIG_COMMANDS = 
  $ ./config.status 

on sabrina-Inspiron-15-5578

config.status:1142: creating Makefile.sim
config.status:1142: creating Make-common.sim
config.status:1142: creating .gdbinit
config.status:1142: creating config.h
config.status:1331: executing depdir commands
config.status:1331: executing libtool commands
config.status:1331: executing Makefile commands
config.status:1331: executing stamp-h commands

## ---------------- ##
## Cache variables. ##
## ---------------- ##

ac_cv_build=x86_64-pc-linux-gnu
ac_cv_c_bigendian=no
ac_cv_c_compiler_gnu=yes
ac_cv_env_CC_set=set
ac_cv_env_CC_value=gcc
ac_cv_env_CFLAGS_set=set
ac_cv_env_CFLAGS_value='-g -O2'
ac_cv_env_CPPFLAGS_set=
ac_cv_env_CPPFLAGS_value=
ac_cv_env_CPP_set=
ac_cv_env_CPP_value=
ac_cv_env_LDFLAGS_set=set
ac_cv_env_LDFLAGS_value='-static-libstdc++ -static-libgcc '
ac_cv_env_LIBS_set=
ac_cv_env_LIBS_value=
ac_cv_env_build_alias_set=set
ac_cv_env_build_alias_value=x86_64-pc-linux-gnu
ac_cv_env_host_alias_set=set
ac_cv_env_host_alias_value=x86_64-pc-linux-gnu
ac_cv_env_target_alias_set=set
ac_cv_env_target_alias_value=arm-linux-gnueabi
ac_cv_func___setfpucw=no
ac_cv_func_dlopen=yes
ac_cv_func_ftruncate=yes
ac_cv_func_getrusage=yes
ac_cv_func_lstat=yes
ac_cv_func_mmap=yes
ac_cv_func_munmap=yes
ac_cv_func_posix_fallocate=yes
ac_cv_func_shl_load=no
ac_cv_func_sigaction=yes
ac_cv_func_time=yes
ac_cv_func_truncate=yes
ac_cv_header_dlfcn_h=yes
ac_cv_header_errno_h=yes
ac_cv_header_fcntl_h=yes
ac_cv_header_fpu_control_h=yes
ac_cv_header_inttypes_h=yes
ac_cv_header_memory_h=yes
ac_cv_header_minix_config_h=no
ac_cv_header_stdc=yes
ac_cv_header_stdint_h=yes
ac_cv_header_stdlib_h=yes
ac_cv_header_string_h=yes
ac_cv_header_strings_h=yes
ac_cv_header_sys_mman_h=yes
ac_cv_header_sys_resource_h=yes
ac_cv_header_sys_stat_h=yes
ac_cv_header_sys_time_h=yes
ac_cv_header_sys_times_h=yes
ac_cv_header_sys_types_h=yes
ac_cv_header_time_h=yes
ac_cv_header_unistd_h=yes
ac_cv_header_windows_h=no
ac_cv_host=x86_64-pc-linux-gnu
ac_cv_lib_dld_shl_load=no
ac_cv_lib_nsl_gethostbyname=yes
ac_cv_lib_socket_bind=no
ac_cv_member_struct_stat_st_atime=yes
ac_cv_member_struct_stat_st_blksize=yes
ac_cv_member_struct_stat_st_blocks=yes
ac_cv_member_struct_stat_st_ctime=yes
ac_cv_member_struct_stat_st_dev=yes
ac_cv_member_struct_stat_st_gid=yes
ac_cv_member_struct_stat_st_ino=yes
ac_cv_member_struct_stat_st_mode=yes
ac_cv_member_struct_stat_st_mtime=yes
ac_cv_member_struct_stat_st_nlink=yes
ac_cv_member_struct_stat_st_rdev=yes
ac_cv_member_struct_stat_st_size=yes
ac_cv_member_struct_stat_st_uid=yes
ac_cv_objext=o
ac_cv_path_EGREP='/bin/grep -E'
ac_cv_path_FGREP='/bin/grep -F'
ac_cv_path_GREP=/bin/grep
ac_cv_path_SED=/bin/sed
ac_cv_prog_AR=ar
ac_cv_prog_AWK=gawk
ac_cv_prog_CC=gcc
ac_cv_prog_CPP='gcc -E'
ac_cv_prog_MAKE=make
ac_cv_prog_OBJDUMP=objdump
ac_cv_prog_RANLIB=ranlib
ac_cv_prog_ac_ct_STRIP=strip
ac_cv_prog_cc_c89=
ac_cv_prog_cc_g=yes
ac_cv_safe_to_define___extensions__=yes
ac_cv_search_dlsym=-ldl
ac_cv_target=arm-unknown-linux-gnueabi
ac_cv_type_signal=void
ac_cv_type_socklen_t=yes
am_cv_CC_dependencies_compiler_type=gcc3
lt_cv_archive_cmds_need_lc=no
lt_cv_deplibs_check_method=pass_all
lt_cv_dlopen=dlopen
lt_cv_dlopen_libs=
lt_cv_dlopen_self=yes
lt_cv_dlopen_self_static=no
lt_cv_file_magic_cmd='$MAGIC_CMD'
lt_cv_file_magic_test_file=
lt_cv_ld_reload_flag=-r
lt_cv_nm_interface='BSD nm'
lt_cv_objdir=.libs
lt_cv_path_LD=/usr/bin/x86_64-linux-gnu-ld
lt_cv_path_NM=nm
lt_cv_prog_compiler_c_o=yes
lt_cv_prog_compiler_pic_works=yes
lt_cv_prog_compiler_rtti_exceptions=no
lt_cv_prog_compiler_static_works=yes
lt_cv_prog_gnu_ld=yes
lt_cv_shlibpath_overrides_runpath=yes
lt_cv_sys_global_symbol_pipe='sed -n -e '\''s/^.*[	 ]\([ABCDGIRSTW][ABCDGIRSTW]*\)[	 ][	 ]*\([_A-Za-z][_A-Za-z0-9]*\)$/\1 \2 \2/p'\'''
lt_cv_sys_global_symbol_to_c_name_address='sed -n -e '\''s/^: \([^ ]*\) $/  {\"\1\", (void *) 0},/p'\'' -e '\''s/^[ABCDGIRSTW]* \([^ ]*\) \([^ ]*\)$/  {"\2", (void *) \&\2},/p'\'''
lt_cv_sys_global_symbol_to_c_name_address_lib_prefix='sed -n -e '\''s/^: \([^ ]*\) $/  {\"\1\", (void *) 0},/p'\'' -e '\''s/^[ABCDGIRSTW]* \([^ ]*\) \(lib[^ ]*\)$/  {"\2", (void *) \&\2},/p'\'' -e '\''s/^[ABCDGIRSTW]* \([^ ]*\) \([^ ]*\)$/  {"lib\2", (void *) \&\2},/p'\'''
lt_cv_sys_global_symbol_to_cdecl='sed -n -e '\''s/^T .* \(.*\)$/extern int \1();/p'\'' -e '\''s/^[ABCDGIRSTW]* .* \(.*\)$/extern char \1;/p'\'''
lt_cv_sys_max_cmd_len=1572864

## ----------------- ##
## Output variables. ##
## ----------------- ##

AR='ar'
AWK='gawk'
CATALOGS=''
CATOBJEXT='.gmo'
CC='gcc'
CCDEPMODE='depmode=gcc3'
CC_FOR_BUILD='gcc'
CFLAGS='-g -O2'
CPP='gcc -E'
CPPFLAGS=''
DATADIRNAME='share'
DEFS='-DHAVE_CONFIG_H'
DEPDIR='.deps'
DSYMUTIL=''
DUMPBIN=''
ECHO_C=''
ECHO_N='-n'
ECHO_T=''
EGREP='/bin/grep -E'
EXEEXT=''
FGREP='/bin/grep -F'
GENCAT='gencat'
GMAKE_FALSE='#'
GMAKE_TRUE=''
GMSGFMT='/usr/bin/msgfmt'
GREP='/bin/grep'
HDEFINES=''
INCINTL=''
INSTALL_DATA='/usr/bin/install -c -m 644'
INSTALL_PROGRAM='/usr/bin/install -c'
INSTALL_SCRIPT='/usr/bin/install -c'
INSTOBJEXT='.mo'
LD='/usr/bin/x86_64-linux-gnu-ld -m elf_x86_64'
LDFLAGS='-static-libstdc++ -static-libgcc '
LIBINTL=''
LIBINTL_DEP=''
LIBOBJS=''
LIBS='-ldl -lnsl '
LIBTOOL='$(SHELL) $(top_builddir)/libtool'
LIPO=''
LN_S='ln -s'
LTLIBOBJS=''
MAINT='#'
MAINTAINER_MODE_FALSE=''
MAINTAINER_MODE_TRUE='#'
MAKE='make'
NM='nm'
NMEDIT=''
OBJDUMP='objdump'
OBJEXT='o'
OTOOL64=''
OTOOL=''
PACKAGE='sim'
PACKAGE_BUGREPORT=''
PACKAGE_NAME=''
PACKAGE_STRING=''
PACKAGE_TARNAME=''
PACKAGE_URL=''
PACKAGE_VERSION=''
PATH_SEPARATOR=':'
PKGVERSION='(SIM) '
PLUGINS_FALSE='#'
PLUGINS_TRUE=''
POSUB='po'
RANLIB='ranlib'
REPORT_BUGS_TEXI='@uref{http://www.gnu.org/software/gdb/bugs/}'
REPORT_BUGS_TO='<http://www.gnu.org/software/gdb/bugs/>'
SED='/bin/sed'
SHELL='/bin/bash'
STRIP='strip'
USE_NLS='yes'
WARN_CFLAGS=' -Wall -Wdeclaration-after-statement -Wpointer-arith -Wpointer-sign -Wno-unused -Wunused-value -Wunused-function -Wno-switch -Wno-char-subscripts -Wmissing-prototypes -Wdeclaration-after-statement -Wempty-body -Wmissing-parameter-type -Wold-style-declaration -Wold-style-definition -Wformat-nonliteral'
WERROR_CFLAGS=''
XGETTEXT='/usr/bin/xgettext'
ac_ct_CC=''
ac_ct_DUMPBIN=''
am__leading_dot='.'
bindir='${exec_prefix}/bin'
build='x86_64-pc-linux-gnu'
build_alias='x86_64-pc-linux-gnu'
build_cpu='x86_64'
build_os='linux-gnu'
build_vendor='pc'
cgen_breaks=''
datadir='${datarootdir}'
datarootdir='${prefix}/share'
docdir='${datarootdir}/doc/${PACKAGE}'
dvidir='${docdir}'
exec_prefix='${prefix}'
host='x86_64-pc-linux-gnu'
host_alias='x86_64-pc-linux-gnu'
host_cpu='x86_64'
host_os='linux-gnu'
host_vendor='pc'
htmldir='${docdir}'
includedir='${prefix}/include'
infodir='${datarootdir}/info'
libdir='${exec_prefix}/lib'
libexecdir='${exec_prefix}/libexec'
localedir='${datarootdir}/locale'
localstatedir='${prefix}/var'
lt_cv_dlopen_libs=''
mandir='${datarootdir}/man'
oldincludedir='/usr/include'
pdfdir='${docdir}'
prefix='/usr/local'
program_transform_name='s&^&arm-linux-gnueabi-&'
psdir='${docdir}'
sbindir='${exec_prefix}/sbin'
sharedstatedir='${prefix}/com'
sim_alignment='-DWITH_DEFAULT_ALIGNMENT=STRICT_ALIGNMENT'
sim_bitsize=''
sim_default_model=''
sim_endian=''
sim_float=''
sim_hw=''
sim_hw_cflags=''
sim_hw_objs=''
sim_inline='-DDEFAULT_INLINE=0'
sim_reserved_bits=''
sim_scache=''
sysconfdir='${prefix}/etc'
target='arm-unknown-linux-gnueabi'
target_alias='arm-linux-gnueabi'
target_cpu='arm'
target_os='linux-gnueabi'
target_vendor='unknown'
zlibdir='-L$(top_builddir)/../zlib'
zlibinc='-I$(top_srcdir)/../zlib'

## ----------- ##
## confdefs.h. ##
## ----------- ##

/* confdefs.h */
#define PACKAGE_NAME ""
#define PACKAGE_TARNAME ""
#define PACKAGE_VERSION ""
#define PACKAGE_STRING ""
#define PACKAGE_BUGREPORT ""
#define PACKAGE_URL ""
#define STDC_HEADERS 1
#define HAVE_SYS_TYPES_H 1
#define HAVE_SYS_STAT_H 1
#define HAVE_STDLIB_H 1
#define HAVE_STRING_H 1
#define HAVE_MEMORY_H 1
#define HAVE_STRINGS_H 1
#define HAVE_INTTYPES_H 1
#define HAVE_STDINT_H 1
#define HAVE_UNISTD_H 1
#define __EXTENSIONS__ 1
#define _ALL_SOURCE 1
#define _GNU_SOURCE 1
#define _POSIX_PTHREAD_SEMANTICS 1
#define _TANDEM_SOURCE 1
#define HAVE_DLFCN_H 1
#define PACKAGE "sim"
#define ENABLE_NLS 1
#define HAVE_STDLIB_H 1
#define HAVE_STRING_H 1
#define HAVE_STRINGS_H 1
#define HAVE_UNISTD_H 1
#define HAVE_TIME_H 1
#define HAVE_SYS_TIME_H 1
#define HAVE_SYS_TIMES_H 1
#define HAVE_SYS_RESOURCE_H 1
#define HAVE_SYS_MMAN_H 1
#define HAVE_FCNTL_H 1
#define HAVE_FPU_CONTROL_H 1
#define HAVE_DLFCN_H 1
#define HAVE_ERRNO_H 1
#define HAVE_SYS_STAT_H 1
#define HAVE_GETRUSAGE 1
#define HAVE_TIME 1
#define HAVE_SIGACTION 1
#define HAVE_MMAP 1
#define HAVE_MUNMAP 1
#define HAVE_LSTAT 1
#define HAVE_TRUNCATE 1
#define HAVE_FTRUNCATE 1
#define HAVE_POSIX_FALLOCATE 1
#define HAVE_STRUCT_STAT_ST_DEV 1
#define HAVE_STRUCT_STAT_ST_INO 1
#define HAVE_STRUCT_STAT_ST_MODE 1
#define HAVE_STRUCT_STAT_ST_NLINK 1
#define HAVE_STRUCT_STAT_ST_UID 1
#define HAVE_STRUCT_STAT_ST_GID 1
#define HAVE_STRUCT_STAT_ST_RDEV 1
#define HAVE_STRUCT_STAT_ST_SIZE 1
#define HAVE_STRUCT_STAT_ST_BLKSIZE 1
#define HAVE_STRUCT_STAT_ST_BLOCKS 1
#define HAVE_STRUCT_STAT_ST_ATIME 1
#define HAVE_STRUCT_STAT_ST_MTIME 1
#define HAVE_STRUCT_STAT_ST_CTIME 1
#define HAVE_SOCKLEN_T 1
#define HAVE_LIBNSL 1
#define HAVE_DLFCN_H 1
#define LT_OBJDIR ".libs/"
#define WITH_DEBUG 0
#define WITH_STDIO 0
#define WITH_TRACE ~TRACE_debug
#define PROFILE 1
#define WITH_PROFILE -1
#define WITH_ASSERT 1
#define WITH_ENVIRONMENT ALL_ENVIRONMENT
#define PKGVERSION "(SIM) "
#define REPORT_BUGS_TO "<http://www.gnu.org/software/gdb/bugs/>"
#define RETSIGTYPE void

configure: exit 0
